2026-07-06 08:31:41, MOVE, v:1, k:ed@sudoku, mode:PICK
2026-07-06 08:31:56, EXEC, v:1, k:ed@sudoku, mode:FULL, fail:COMP
2026-07-06 08:31:34, MOVE, v:1, k:ed@distancia, mode:EDIT
2026-07-06 08:31:41, MOVE, v:1, k:ed@sudoku, mode:EDIT
2026-07-06 08:32:19, MOVE, v:1, k:ed@sudoku, mode:EDIT
2026-07-06 08:46:09, EXEC, v:1, k:ed@sudoku, mode:FULL, size:67, fail:COMP
2026-07-06 08:46:04, MOVE, v:1, k:ed@sudoku, mode:EDIT
2026-07-06 08:51:42, EXEC, v:1, k:ed@sudoku, mode:FULL, fail:COMP
2026-07-06 08:54:32, EXEC, v:1, k:ed@sudoku, mode:FULL, fail:COMP
2026-07-06 08:58:20, EXEC, v:1, k:ed@sudoku, mode:FULL, fail:COMP
2026-07-06 08:58:27, MOVE, v:1, k:ed@sudoku, mode:EDIT
2026-07-06 09:32:12, MOVE, v:1, k:ed@distancia, mode:EDIT
2026-07-06 10:03:41, EXEC, v:1, k:ed@sudoku, mode:FULL, size:67, fail:COMP
2026-07-06 10:03:36, MOVE, v:1, k:ed@sudoku, mode:EDIT
2026-07-06 10:03:40, MOVE, v:1, k:ed@sudoku, mode:EDIT
2026-07-06 10:35:06, EXEC, v:1, k:ed@sudoku, mode:FULL, fail:COMP
2026-07-06 10:35:07, MOVE, v:1, k:ed@distancia, mode:EDIT
2026-07-06 10:38:39, EXEC, v:1, k:ed@sudoku, mode:FULL, fail:COMP
2026-07-06 10:44:37, EXEC, v:1, k:ed@sudoku, mode:FULL, fail:COMP
2026-07-06 10:44:41, MOVE, v:1, k:ed@sudoku, mode:BACK
2026-07-06 10:49:02, MOVE, v:1, k:ed@sudoku, mode:PICK
2026-07-06 10:49:06, EXEC, v:1, k:ed@sudoku, mode:FULL, rate:0, size:93
2026-07-06 10:49:08, MOVE, v:1, k:ed@sudoku, mode:BACK
2026-07-06 10:49:53, MOVE, v:1, k:ed@sudoku, mode:PICK
2026-07-06 10:49:50, MOVE, v:1, k:ed@sudoku, mode:EDIT
2026-07-06 10:49:05, MOVE, v:1, k:ed@sudoku, mode:EDIT
2026-07-06 10:49:56, EXEC, v:1, k:ed@sudoku, mode:FULL, rate:0, size:93
2026-07-06 10:52:28, EXEC, v:1, k:ed@sudoku, mode:FULL, rate:0, size:93
2026-07-06 10:52:39, EXEC, v:1, k:ed@sudoku, mode:FULL, rate:0
2026-07-06 10:53:54, EXEC, v:1, k:ed@sudoku, mode:FULL, rate:0
2026-07-06 10:53:53, MOVE, v:1, k:ed@sudoku, mode:EDIT
2026-07-06 10:52:32, MOVE, v:1, k:ed@sudoku, mode:EDIT
2026-07-06 10:55:20, EXEC, v:1, k:ed@sudoku, mode:FULL, rate:100, size:94
2026-07-06 10:55:21, MOVE, v:1, k:ed@sudoku, mode:BACK
2026-07-06 10:56:20, SELF, v:1, k:ed@sudoku, self:1, rate:100, study:88, debug:1
2026-07-06 10:56:23, MOVE, v:1, k:ed@sudoku, mode:PICK
2026-07-06 10:56:25, EXEC, v:1, k:ed@sudoku, mode:FULL, rate:100
2026-07-06 10:56:27, EXEC, v:1, k:ed@sudoku, mode:FULL, rate:100
2026-07-06 10:56:27, MOVE, v:1, k:ed@sudoku, mode:BACK
