2026-04-29 14:32:06, MOVE, v:1, k:ed@multiset, mode:PICK
2026-04-29 14:32:09, EXEC, v:1, k:ed@multiset, mode:FULL, rate:0, size:69
2026-04-29 14:32:48, EXEC, v:1, k:ed@multiset, mode:FULL, rate:0, size:71
2026-04-29 14:33:41, EXEC, v:1, k:ed@multiset, mode:FULL, rate:0, size:74
2026-04-29 14:34:03, EXEC, v:1, k:ed@multiset, mode:FULL, rate:0, size:74
2026-04-29 14:34:37, EXEC, v:1, k:ed@multiset, mode:FULL, rate:0, size:74
2026-04-29 14:34:52, EXEC, v:1, k:ed@multiset, mode:FULL, rate:0, size:74
2026-04-29 14:32:06, MOVE, v:1, k:ed@multiset, mode:EDIT
2026-04-29 14:32:06, MOVE, v:1, k:ed@multiset, mode:EDIT
2026-04-29 14:34:52, MOVE, v:1, k:ed@multiset, mode:EDIT
2026-04-29 14:36:55, MOVE, v:1, k:ed@multiset, mode:EDIT
2026-04-29 14:37:23, EXEC, v:1, k:ed@multiset, mode:FULL, rate:0, size:83
2026-04-29 14:39:30, EXEC, v:1, k:ed@multiset, mode:FULL, rate:0, size:82
2026-04-29 14:39:50, EXEC, v:1, k:ed@multiset, mode:FULL, rate:0, size:76
2026-04-29 14:39:47, MOVE, v:1, k:ed@multiset, mode:EDIT
2026-04-29 14:39:50, MOVE, v:1, k:ed@multiset, mode:EDIT
2026-04-29 14:43:13, EXEC, v:1, k:ed@multiset, mode:FULL, rate:0, size:75
2026-04-29 14:44:10, EXEC, v:1, k:ed@multiset, mode:FULL, rate:16, size:76
2026-04-29 14:46:56, MOVE, v:1, k:ed@multiset, mode:EDIT
2026-04-29 14:44:09, MOVE, v:1, k:ed@multiset, mode:EDIT
2026-04-29 14:48:01, EXEC, v:1, k:ed@multiset, mode:FULL, rate:33, size:88
2026-04-29 14:49:25, EXEC, v:1, k:ed@multiset, mode:FULL, rate:33, size:84
2026-04-29 14:52:02, MOVE, v:1, k:ed@multiset, mode:EDIT
2026-04-29 14:49:25, MOVE, v:1, k:ed@multiset, mode:EDIT
2026-04-29 14:52:40, EXEC, v:1, k:ed@multiset, mode:FULL, rate:33, size:91
2026-04-29 14:53:19, EXEC, v:1, k:ed@multiset, mode:FULL, rate:50, size:93
2026-04-29 14:54:28, EXEC, v:1, k:ed@multiset, mode:FULL, rate:66, size:100
2026-04-29 14:55:55, EXEC, v:1, k:ed@multiset, mode:FULL, rate:50, size:104
2026-04-29 14:56:08, EXEC, v:1, k:ed@multiset, mode:FULL, rate:66, size:100
2026-04-29 14:56:51, MOVE, v:1, k:ed@multiset, mode:EDIT
2026-04-29 14:56:08, MOVE, v:1, k:ed@multiset, mode:EDIT
2026-04-29 14:59:32, EXEC, v:1, k:ed@multiset, mode:FULL, rate:66, size:103
2026-04-29 15:02:00, MOVE, v:1, k:ed@multiset, mode:EDIT
2026-04-29 14:59:32, MOVE, v:1, k:ed@multiset, mode:EDIT
2026-04-29 15:04:39, EXEC, v:1, k:ed@multiset, mode:FULL, rate:100, size:115
2026-04-29 15:04:51, MOVE, v:1, k:ed@multiset, mode:BACK
2026-04-29 15:06:24, SELF, v:1, k:ed@multiset, self:1, rate:100, study:65
