2026-07-05 00:27:06, EXEC, v:1, k:ed@editorint, mode:LOCK, rate:0
2026-07-05 00:27:08, MOVE, v:1, k:ed@editorint, mode:BACK
2026-07-05 00:27:09, MOVE, v:1, k:ed@editorint, mode:PICK
2026-07-05 00:27:40, EXEC, v:1, k:ed@editorint, mode:LOCK, rate:0
2026-07-05 00:27:41, MOVE, v:1, k:ed@editorint, mode:BACK
2026-07-05 00:27:06, MOVE, v:1, k:ed@editorint, mode:EDIT
2026-07-05 00:29:25, MOVE, v:1, k:ed@editorint, mode:EDIT
2026-07-05 00:27:10, MOVE, v:1, k:ed@editorint, mode:EDIT
2026-07-05 00:27:10, MOVE, v:1, k:ed@editorint, mode:EDIT
2026-07-05 00:27:35, MOVE, v:1, k:ed@editorint, mode:EDIT
2026-07-05 00:29:33, MOVE, v:1, k:ed@editorint, mode:PICK
2026-07-05 00:29:55, EXEC, v:1, k:ed@editorint, mode:LOCK, rate:0, size:286
2026-07-05 00:29:56, MOVE, v:1, k:ed@editorint, mode:BACK
2026-07-05 00:31:23, MOVE, v:1, k:ed@editorint, mode:PICK
2026-07-05 00:35:09, EXEC, v:1, k:ed@editorint, mode:LOCK, rate:0, size:295
2026-07-05 00:35:10, MOVE, v:1, k:ed@editorint, mode:BACK
2026-07-05 00:35:11, MOVE, v:1, k:ed@editorint, mode:PICK
2026-07-05 00:35:13, MOVE, v:1, k:ed@editorint, mode:EDIT
2026-07-05 00:35:06, MOVE, v:1, k:ed@editorint, mode:EDIT
2026-07-05 00:37:24, EXEC, v:1, k:ed@editorint, mode:LOCK, rate:0, size:299
2026-07-05 00:37:25, MOVE, v:1, k:ed@editorint, mode:BACK
2026-07-05 00:37:26, MOVE, v:1, k:ed@editorint, mode:PICK
2026-07-05 00:38:47, EXEC, v:1, k:ed@editorint, mode:LOCK, rate:0
2026-07-05 00:38:47, MOVE, v:1, k:ed@editorint, mode:BACK
2026-07-05 00:39:28, SELF, v:1, k:ed@editorint, self:1, rate:100, study:54, concept:1, problem:1, refactor:1
