2026-03-31 16:07:49, SELF, v:1, k:ed@apagando, self:1, rate:100, study:6030
2026-03-31 16:09:50, SELF, v:1, k:ed@apagando, self:1, rate:100, study:40
2026-03-31 16:09:58, SELF, v:1, k:ed@princesa, self:1, rate:100, study:60, friend:noqq, refactor:1
2026-03-31 16:10:06, SELF, v:1, k:ed@buscas, self:1, rate:100, study:50
2026-03-31 16:10:13, MOVE, v:1, k:ed@pintando, mode:PICK
2026-03-31 16:10:13, MOVE, v:1, k:ed@pintando, mode:BACK
2026-03-31 16:10:42, SELF, v:1, k:ed@pedra, self:1, rate:100, study:100, refactor:1
2026-03-31 16:11:03, SELF, v:1, k:ed@baruel, self:1, rate:100, study:90, concept:1, debug:1
2026-03-31 16:11:12, MOVE, v:1, k:ed@pintando, mode:PICK
2026-03-31 16:11:15, MOVE, v:1, k:ed@pintando, mode:BACK
2026-03-31 16:11:38, SELF, v:1, k:ed@baruel, self:1, rate:100, study:50, concept:1, debug:1
2026-03-31 16:13:49, MOVE, v:1, k:ed@manipulacao, mode:PICK
2026-03-31 16:14:12, EXEC, v:1, k:ed@manipulacao, mode:FULL, rate:0, size:106
2026-03-31 16:14:13, EXEC, v:1, k:ed@manipulacao, mode:FULL, rate:0
2026-03-31 16:14:14, EXEC, v:1, k:ed@manipulacao, mode:FULL, rate:0
2026-03-31 16:15:50, MOVE, v:1, k:ed@manipulacao, mode:BACK
2026-03-31 16:16:10, MOVE, v:1, k:ed@manipulacao, mode:PICK
2026-03-31 16:16:12, EXEC, v:1, k:ed@manipulacao, mode:FULL, rate:0
2026-03-31 16:44:03, EXEC, v:1, k:ed@manipulacao, mode:FULL, rate:42, size:123
2026-03-31 16:44:12, MOVE, v:1, k:ed@manipulacao, mode:BACK
2026-03-31 16:44:16, MOVE, v:1, k:ed@manipulacao, mode:PICK
2026-03-31 16:44:18, EXEC, v:1, k:ed@manipulacao, mode:FULL, rate:42
2026-03-31 16:44:19, MOVE, v:1, k:ed@manipulacao, mode:BACK
2026-03-31 16:51:55, MOVE, v:1, k:ed@manipulacao, mode:PICK
2026-03-31 16:51:57, EXEC, v:1, k:ed@manipulacao, mode:FULL, rate:57, size:126
2026-03-31 16:52:03, MOVE, v:1, k:ed@manipulacao, mode:BACK
2026-03-31 17:05:57, MOVE, v:1, k:ed@manipulacao, mode:PICK
2026-03-31 17:05:59, EXEC, v:1, k:ed@manipulacao, mode:FULL, rate:71, size:138
2026-03-31 17:06:03, MOVE, v:1, k:ed@manipulacao, mode:BACK
