2026-07-04 20:47:43, MOVE, v:1, k:ed@editorint, mode:PICK
2026-07-04 20:48:04, EXEC, v:1, k:ed@editorint, mode:LOCK, rate:0
2026-07-04 20:48:07, MOVE, v:1, k:ed@editorint, mode:BACK
2026-07-04 20:59:50, MOVE, v:1, k:ed@editorint, mode:PICK
2026-07-04 20:59:55, EXEC, v:1, k:ed@editorint, mode:LOCK, rate:0
2026-07-04 20:59:56, MOVE, v:1, k:ed@editorint, mode:BACK
2026-07-04 21:00:52, MOVE, v:1, k:ed@editorint, mode:PICK
2026-07-04 21:00:53, MOVE, v:1, k:ed@editorint, mode:EDIT
2026-07-04 21:06:55, EXEC, v:1, k:ed@editorint, mode:LOCK, rate:0, size:269
2026-07-04 21:06:56, MOVE, v:1, k:ed@editorint, mode:BACK
2026-07-04 21:06:59, MOVE, v:1, k:ed@editorint, mode:PICK
2026-07-04 21:07:04, EXEC, v:1, k:ed@editorint, mode:LOCK, rate:0
2026-07-04 21:07:11, MOVE, v:1, k:ed@editorint, mode:BACK
2026-07-04 21:07:13, MOVE, v:1, k:ed@editorint, mode:PICK
2026-07-04 21:07:39, EXEC, v:1, k:ed@editorint, mode:LOCK, rate:0
2026-07-04 21:07:40, MOVE, v:1, k:ed@editorint, mode:BACK
2026-07-04 21:06:38, MOVE, v:1, k:ed@editorint, mode:EDIT
2026-07-04 21:07:14, MOVE, v:1, k:ed@editorint, mode:EDIT
2026-07-04 21:10:41, MOVE, v:1, k:ed@editorint, mode:PICK
2026-07-04 21:10:48, MOVE, v:1, k:ed@editorint, mode:BACK
2026-07-04 21:10:49, MOVE, v:1, k:ed@editorint, mode:PICK
2026-07-04 21:11:34, EXEC, v:1, k:ed@editorint, mode:LOCK, rate:0, size:281
2026-07-04 21:11:36, MOVE, v:1, k:ed@editorint, mode:BACK
2026-07-04 21:11:38, MOVE, v:1, k:ed@editorint, mode:PICK
2026-07-04 21:11:40, EXEC, v:1, k:ed@editorint, mode:LOCK, rate:0
2026-07-04 21:11:41, MOVE, v:1, k:ed@editorint, mode:BACK
2026-07-04 21:11:42, MOVE, v:1, k:ed@editorint, mode:PICK
2026-07-04 21:11:44, EXEC, v:1, k:ed@editorint, mode:LOCK, rate:0
2026-07-04 21:11:59, MOVE, v:1, k:ed@editorint, mode:BACK
2026-07-04 21:12:06, MOVE, v:1, k:ed@editorint, mode:PICK
2026-07-04 21:12:07, EXEC, v:1, k:ed@editorint, mode:LOCK, rate:0
2026-07-04 21:14:04, MOVE, v:1, k:ed@editorint, mode:BACK
2026-07-04 21:14:05, MOVE, v:1, k:ed@editorint, mode:PICK
2026-07-04 21:14:07, EXEC, v:1, k:ed@editorint, mode:LOCK, rate:0
2026-07-04 21:14:09, MOVE, v:1, k:ed@editorint, mode:BACK
2026-07-04 21:14:16, MOVE, v:1, k:ed@editorint, mode:PICK
2026-07-04 21:14:18, EXEC, v:1, k:ed@editorint, mode:LOCK, rate:0
2026-07-04 21:16:58, MOVE, v:1, k:ed@editorint, mode:PICK
2026-07-04 21:17:00, EXEC, v:1, k:ed@editorint, mode:LOCK, rate:0
2026-07-04 21:17:00, MOVE, v:1, k:ed@editorint, mode:EDIT
2026-07-04 21:21:56, MOVE, v:1, k:ed@editorint, mode:BACK
2026-07-04 21:21:57, MOVE, v:1, k:ed@editorint, mode:PICK
2026-07-04 21:21:59, MOVE, v:1, k:ed@editorint, mode:EDIT
2026-07-04 22:50:41, MOVE, v:1, k:ed@editorint, mode:EDIT
