2026-04-06 00:02:21, EXEC, v:1, k:ed@treinando, mode:FULL, rate:66, size:117
2026-04-06 00:04:34, EXEC, v:1, k:ed@treinando, mode:FULL, rate:66, size:123
2026-04-06 00:11:59, EXEC, v:1, k:ed@treinando, mode:FULL, rate:66, size:123
2026-04-06 00:13:30, EXEC, v:1, k:ed@treinando, mode:FULL, rate:66, size:123
2026-04-06 00:13:59, EXEC, v:1, k:ed@treinando, mode:FULL, rate:66, size:128
2026-04-06 00:14:47, EXEC, v:1, k:ed@treinando, mode:FULL, rate:83, size:128
2026-04-06 00:17:04, EXEC, v:1, k:ed@treinando, mode:FULL, rate:83, size:139
2026-04-06 00:21:11, EXEC, v:1, k:ed@treinando, mode:FULL, rate:83, size:143
2026-04-06 00:23:29, EXEC, v:1, k:ed@treinando, mode:FULL, rate:83, size:142
2026-04-06 00:24:35, EXEC, v:1, k:ed@treinando, mode:FULL, size:138, fail:COMP
2026-04-06 00:29:24, EXEC, v:1, k:ed@treinando, mode:FULL, rate:83, size:143
2026-04-06 00:29:48, EXEC, v:1, k:ed@treinando, mode:FULL, rate:83, size:143
2026-04-06 00:31:27, EXEC, v:1, k:ed@treinando, mode:FULL, rate:83, size:148
2026-04-06 00:31:54, MOVE, v:1, k:ed@treinando, mode:BACK
2026-04-06 00:32:46, MOVE, v:1, k:ed@treinando, mode:PICK
2026-04-06 00:32:48, EXEC, v:1, k:ed@treinando, mode:FULL, rate:100, size:151
2026-04-06 00:32:52, MOVE, v:1, k:ed@treinando, mode:BACK
2026-04-06 00:33:49, SELF, v:1, k:ed@treinando, self:1, rate:100, study:92, concept:1, problem:1, debug:1
2026-04-06 00:33:56, MOVE, v:1, k:ed@resto, mode:DOWN
2026-04-06 00:33:59, MOVE, v:1, k:ed@resto, mode:PICK
2026-04-06 00:34:01, EXEC, v:1, k:ed@resto, mode:FULL, rate:0, size:5
2026-04-06 01:15:40, EXEC, v:1, k:ed@resto, mode:FULL, rate:0, size:18
2026-04-06 01:27:27, EXEC, v:1, k:ed@resto, mode:FULL, rate:0, size:30
2026-04-06 01:27:30, MOVE, v:1, k:ed@resto, mode:BACK
2026-04-06 01:27:44, MOVE, v:1, k:ed@resto, mode:PICK
2026-04-06 01:27:46, EXEC, v:1, k:ed@resto, mode:FULL, rate:0
2026-04-06 01:28:01, EXEC, v:1, k:ed@resto, mode:FULL, rate:0
2026-04-06 01:29:31, EXEC, v:1, k:ed@resto, mode:FULL, rate:100, size:30
2026-04-06 01:33:00, MOVE, v:1, k:ed@resto, mode:BACK
2026-04-06 01:33:33, SELF, v:1, k:ed@resto, self:1, rate:100, study:59
2026-04-06 01:33:37, MOVE, v:1, k:ed@treinando, mode:PICK
2026-04-06 01:33:39, EXEC, v:1, k:ed@treinando, mode:FULL, rate:100
2026-04-06 01:33:40, MOVE, v:1, k:ed@treinando, mode:BACK
2026-04-06 01:41:51, MOVE, v:1, k:ed@mdc, mode:DOWN
2026-04-06 01:41:52, MOVE, v:1, k:ed@mdc, mode:PICK
2026-04-06 01:41:54, EXEC, v:1, k:ed@mdc, mode:FULL, rate:0, size:15
2026-04-06 01:42:14, MOVE, v:1, k:ed@mdc, mode:BACK
2026-04-06 02:07:12, MOVE, v:1, k:ed@mdc, mode:PICK
2026-04-06 02:07:14, EXEC, v:1, k:ed@mdc, mode:FULL, rate:100, size:23
2026-04-06 02:07:18, MOVE, v:1, k:ed@mdc, mode:BACK
2026-04-06 02:07:27, MOVE, v:1, k:ed@mdc, mode:PICK
2026-04-06 02:07:29, EXEC, v:1, k:ed@mdc, mode:FULL, rate:100
2026-04-06 02:07:30, MOVE, v:1, k:ed@mdc, mode:BACK
2026-04-06 02:07:53, SELF, v:1, k:ed@mdc, self:1, rate:100, study:25
2026-04-06 02:11:29, MOVE, v:1, k:ed@queimada, mode:DOWN
2026-04-06 02:11:33, MOVE, v:1, k:ed@queimada, mode:PICK
2026-04-06 02:11:36, EXEC, v:1, k:ed@queimada, mode:FULL, rate:14, size:38
2026-04-06 02:11:38, MOVE, v:1, k:ed@queimada, mode:BACK
2026-04-06 02:11:57, MOVE, v:1, k:ed@mdc, mode:PICK
2026-04-06 02:11:58, EXEC, v:1, k:ed@mdc, mode:FULL, rate:100, size:22
2026-04-06 02:12:00, MOVE, v:1, k:ed@mdc, mode:BACK
2026-04-06 02:12:08, MOVE, v:1, k:ed@queimada, mode:PICK
2026-04-06 02:12:10, EXEC, v:1, k:ed@queimada, mode:FULL, rate:14
2026-04-06 02:12:11, MOVE, v:1, k:ed@queimada, mode:BACK
2026-04-06 02:15:17, MOVE, v:1, k:ed@queimada, mode:PICK
2026-04-06 02:15:20, EXEC, v:1, k:ed@queimada, mode:FULL, rate:14
2026-04-06 11:18:39, MOVE, v:1, k:ed@queimada, mode:BACK
2026-04-06 11:28:37, MOVE, v:1, k:ed@queimada, mode:PICK
2026-04-06 11:28:58, EXEC, v:1, k:ed@queimada, mode:FULL, rate:14
2026-04-06 11:29:00, EXEC, v:1, k:ed@queimada, mode:FULL, rate:14
2026-04-06 11:29:01, EXEC, v:1, k:ed@queimada, mode:FULL, rate:14
2026-04-06 11:29:03, EXEC, v:1, k:ed@queimada, mode:FULL, rate:14
2026-04-06 11:29:05, MOVE, v:1, k:ed@queimada, mode:BACK
2026-04-06 11:48:37, MOVE, v:1, k:ed@queimada, mode:PICK
2026-04-06 11:48:40, EXEC, v:1, k:ed@queimada, mode:FULL, rate:14, size:47
2026-04-06 11:59:45, EXEC, v:1, k:ed@queimada, mode:FULL, rate:42, size:49
2026-04-06 12:00:31, EXEC, v:1, k:ed@queimada, mode:FULL, rate:100, size:49
2026-04-06 12:00:33, MOVE, v:1, k:ed@queimada, mode:BACK
2026-04-06 12:00:51, SELF, v:1, k:ed@queimada, self:1, rate:100, study:50, problem:1
2026-04-06 12:02:03, MOVE, v:1, k:ed@labirinto, mode:DOWN
2026-04-06 12:04:13, MOVE, v:1, k:ed@labirinto, mode:PICK
2026-04-06 12:04:15, EXEC, v:1, k:ed@labirinto, mode:FULL, rate:0, size:66
2026-04-06 12:04:31, EXEC, v:1, k:ed@labirinto, mode:FULL, rate:0
2026-04-06 12:04:34, MOVE, v:1, k:ed@labirinto, mode:BACK
2026-04-06 12:04:37, MOVE, v:1, k:ed@labirinto, mode:PICK
2026-04-06 12:04:39, EXEC, v:1, k:ed@labirinto, mode:FULL, rate:0
2026-04-06 15:43:49, MOVE, v:1, k:ed@triangulo, mode:PICK
2026-04-06 15:43:52, EXEC, v:1, k:ed@triangulo, mode:FULL, rate:0, size:7
2026-04-06 15:43:54, MOVE, v:1, k:ed@triangulo, mode:BACK
2026-04-06 15:43:56, MOVE, v:1, k:ed@treinando, mode:PICK
2026-04-06 15:43:58, EXEC, v:1, k:ed@treinando, mode:FULL, rate:100
2026-04-06 15:43:59, MOVE, v:1, k:ed@treinando, mode:BACK
2026-04-06 15:46:44, MOVE, v:1, k:ed@fractais_png, mode:PICK
2026-04-06 15:46:46, EXEC, v:1, k:ed@fractais_png, mode:FULL, fail:COMP
2026-04-06 15:46:51, MOVE, v:1, k:ed@fractais_png, mode:BACK
2026-04-06 15:46:59, MOVE, v:1, k:ed@fractais_png, mode:PICK
2026-04-06 15:47:01, EXEC, v:1, k:ed@fractais_png, mode:FULL, fail:COMP
2026-04-06 15:47:06, MOVE, v:1, k:ed@fractais_png, mode:BACK
2026-04-06 15:47:28, MOVE, v:1, k:ed@fractais_png, mode:PICK
2026-04-06 15:47:32, EXEC, v:1, k:ed@fractais_png, mode:FULL, fail:COMP
2026-04-06 15:47:50, MOVE, v:1, k:ed@fractais_png, mode:BACK
2026-04-06 15:52:55, EXEC, v:1, k:src@go, mode:FREE, size:136
2026-04-06 15:53:30, EXEC, v:1, k:src@go, mode:FREE
2026-04-06 15:53:55, EXEC, v:1, k:src@go, mode:FREE
2026-04-06 15:54:16, EXEC, v:1, k:src@go, mode:FREE
2026-04-06 15:55:45, EXEC, v:1, k:src@go, mode:FREE
2026-04-06 16:16:53, MOVE, v:1, k:ed@fractais_png, mode:PICK
2026-04-06 16:16:57, EXEC, v:1, k:ed@fractais_png, mode:LOCK, rate:0
2026-04-06 16:17:00, MOVE, v:1, k:ed@fractais_png, mode:BACK
2026-04-06 23:57:36, MOVE, v:1, k:ed@triangulo, mode:PICK
2026-04-06 23:57:59, EXEC, v:1, k:ed@triangulo, mode:FULL, rate:0
2026-04-06 23:58:04, MOVE, v:1, k:ed@triangulo, mode:BACK
2026-04-06 23:59:12, MOVE, v:1, k:ed@mdc, mode:PICK
