2026-04-02 15:20:57, MOVE, v:1, k:ed@manipulacao, mode:PICK
2026-04-02 15:21:20, EXEC, v:1, k:ed@manipulacao, mode:FULL, rate:71
2026-04-02 15:28:17, MOVE, v:1, k:ed@manipulacao, mode:BACK
2026-04-02 15:28:19, MOVE, v:1, k:ed@manipulacao, mode:PICK
2026-04-02 15:28:21, EXEC, v:1, k:ed@manipulacao, mode:FULL, rate:71, size:146
2026-04-02 15:29:34, EXEC, v:1, k:ed@manipulacao, mode:FULL, size:146, fail:COMP
2026-04-02 15:33:34, EXEC, v:1, k:ed@manipulacao, mode:FULL, rate:71, size:147
2026-04-02 15:35:05, EXEC, v:1, k:ed@manipulacao, mode:FULL, rate:71
2026-04-02 15:37:13, EXEC, v:1, k:ed@manipulacao, mode:FULL, size:147, fail:COMP
2026-04-02 15:37:21, EXEC, v:1, k:ed@manipulacao, mode:FULL, rate:71, size:147
2026-04-02 15:39:19, EXEC, v:1, k:ed@manipulacao, mode:FULL, rate:71, size:149
2026-04-02 15:40:26, EXEC, v:1, k:ed@manipulacao, mode:FULL, rate:85, size:149
2026-04-02 15:41:56, EXEC, v:1, k:ed@manipulacao, mode:FULL, rate:85, size:148
2026-04-02 15:43:04, EXEC, v:1, k:ed@manipulacao, mode:FULL, rate:100, size:158
2026-04-02 15:43:20, MOVE, v:1, k:ed@manipulacao, mode:BACK
2026-04-02 15:43:43, SELF, v:1, k:ed@manipulacao, self:1, rate:100, study:60, concept:1, problem:1
2026-04-02 15:43:52, SELF, v:1, k:ed@apagando, self:1, rate:100, study:40
2026-04-02 15:43:52, MOVE, v:1, k:ed@apagando, mode:PICK
2026-04-02 15:43:54, MOVE, v:1, k:ed@apagando, mode:BACK
2026-04-02 15:43:55, MOVE, v:1, k:ed@apagando, mode:PICK
2026-04-02 15:43:57, EXEC, v:1, k:ed@apagando, mode:FULL, rate:100
2026-04-02 15:43:57, MOVE, v:1, k:ed@apagando, mode:BACK
