2026-05-10 13:34:08, MOVE, v:1, k:sandbox@user_002, mode:PICK
2026-05-10 13:34:11, EXEC, v:1, k:sandbox@user_002, mode:LOCK, rate:0, size:5
2026-05-10 13:34:12, MOVE, v:1, k:sandbox@user_002, mode:BACK
2026-05-10 13:42:26, MOVE, v:1, k:ed@enesimo, mode:DOWN
2026-05-10 13:42:28, MOVE, v:1, k:ed@enesimo, mode:PICK
2026-05-10 13:42:32, EXEC, v:1, k:ed@enesimo, mode:FULL, rate:0, size:5
2026-05-10 13:44:59, EXEC, v:1, k:ed@enesimo, mode:FULL, rate:0
2026-05-10 13:42:26, MOVE, v:1, k:ed@enesimo, mode:EDIT
2026-05-10 13:42:26, MOVE, v:1, k:ed@enesimo, mode:EDIT
2026-05-10 13:42:26, MOVE, v:1, k:ed@enesimo, mode:EDIT
2026-05-10 13:44:59, MOVE, v:1, k:ed@enesimo, mode:EDIT
2026-05-10 14:03:21, MOVE, v:1, k:ed@enesimo, mode:EDIT
2026-05-10 14:08:20, MOVE, v:1, k:ed@enesimo, mode:EDIT
2026-05-10 14:13:07, EXEC, v:1, k:ed@enesimo, mode:FULL, rate:100, size:34
2026-05-10 14:13:01, MOVE, v:1, k:ed@enesimo, mode:EDIT
2026-05-10 14:13:07, MOVE, v:1, k:ed@enesimo, mode:EDIT
2026-05-10 14:18:56, MOVE, v:1, k:ed@enesimo, mode:BACK
2026-05-10 14:19:04, MOVE, v:1, k:ed@priminhos, mode:DOWN
2026-05-10 14:19:05, MOVE, v:1, k:ed@priminhos, mode:PICK
2026-05-10 14:19:08, EXEC, v:1, k:ed@priminhos, mode:FULL, rate:0, size:5
2026-05-10 14:19:45, EXEC, v:1, k:ed@priminhos, mode:FULL, rate:0
2026-05-10 14:19:51, MOVE, v:1, k:ed@priminhos, mode:BACK
2026-05-10 14:54:26, MOVE, v:1, k:ed@priminhos, mode:PICK
2026-05-10 14:54:29, EXEC, v:1, k:ed@priminhos, mode:FULL, rate:0, size:32
2026-05-10 14:55:30, MOVE, v:1, k:ed@priminhos, mode:BACK
2026-05-10 14:55:32, MOVE, v:1, k:ed@escada, mode:DOWN
2026-05-10 14:55:33, MOVE, v:1, k:ed@escada, mode:PICK
2026-05-10 14:55:35, EXEC, v:1, k:ed@escada, mode:FULL, rate:0, size:5
2026-05-10 14:55:38, MOVE, v:1, k:ed@escada, mode:BACK
2026-05-10 14:59:00, MOVE, v:1, k:ed@escada, mode:PICK
2026-05-10 14:59:02, EXEC, v:1, k:ed@escada, mode:FULL, rate:0
2026-05-10 14:59:01, MOVE, v:1, k:ed@escada, mode:EDIT
2026-05-10 15:09:01, EXEC, v:1, k:ed@escada, mode:FULL, rate:100, size:24
2026-05-10 15:09:02, MOVE, v:1, k:ed@escada, mode:BACK
2026-05-10 15:09:04, MOVE, v:1, k:ed@escada, mode:PICK
2026-05-10 15:09:06, EXEC, v:1, k:ed@escada, mode:FULL, rate:100
2026-05-10 15:09:26, MOVE, v:1, k:ed@escada, mode:BACK
2026-05-10 15:09:59, SELF, v:1, k:ed@enesimo, self:1, rate:100, study:36
2026-05-10 15:10:10, SELF, v:1, k:ed@escada, self:1, rate:100, study:30
2026-05-10 15:12:16, MOVE, v:1, k:ed@fib1, mode:DOWN
2026-05-10 15:12:16, MOVE, v:1, k:ed@fib1, mode:PICK
2026-05-10 15:12:25, EXEC, v:1, k:ed@fib1, mode:FULL, rate:0, size:5
2026-05-10 15:16:35, EXEC, v:1, k:ed@fib1, mode:FULL, rate:0
2026-05-10 15:12:16, MOVE, v:1, k:ed@fib1, mode:EDIT
2026-05-10 15:12:16, MOVE, v:1, k:ed@fib1, mode:EDIT
2026-05-10 15:12:16, MOVE, v:1, k:ed@fib1, mode:EDIT
2026-05-10 15:16:30, MOVE, v:1, k:ed@fib1, mode:EDIT
2026-05-10 15:32:01, MOVE, v:1, k:ed@fib1, mode:EDIT
2026-05-10 15:36:34, MOVE, v:1, k:ed@fib1, mode:EDIT
2026-05-10 15:38:37, EXEC, v:1, k:ed@fib1, mode:FULL, rate:0, size:20
2026-05-10 15:38:43, MOVE, v:1, k:ed@fib1, mode:BACK
2026-05-10 15:48:00, MOVE, v:1, k:ed@fib1, mode:PICK
2026-05-10 15:48:06, EXEC, v:1, k:ed@fib1, mode:FULL, rate:100, size:19
2026-05-10 15:48:11, EXEC, v:1, k:ed@fib1, mode:FULL, rate:100
2026-05-10 15:48:17, EXEC, v:1, k:ed@fib1, mode:FULL, rate:100
2026-05-10 15:48:21, MOVE, v:1, k:ed@fib1, mode:BACK
2026-05-10 15:48:25, MOVE, v:1, k:ed@fib2, mode:DOWN
2026-05-10 15:48:25, MOVE, v:1, k:ed@fib2, mode:PICK
2026-05-10 15:48:47, EXEC, v:1, k:ed@fib2, mode:FULL, rate:5, size:19
2026-05-10 15:52:36, EXEC, v:1, k:ed@fib2, mode:FULL, rate:5, size:19
2026-05-10 15:52:38, MOVE, v:1, k:ed@fib2, mode:BACK
2026-05-10 15:48:12, MOVE, v:1, k:ed@fib1, mode:EDIT
2026-05-10 15:48:25, MOVE, v:1, k:ed@fib2, mode:EDIT
2026-05-10 15:48:25, MOVE, v:1, k:ed@fib2, mode:EDIT
2026-05-10 15:52:30, MOVE, v:1, k:ed@fib2, mode:EDIT
2026-05-10 15:52:33, MOVE, v:1, k:ed@fib2, mode:EDIT
2026-05-10 15:53:35, MOVE, v:1, k:ed@fib2, mode:PICK
2026-05-10 15:53:39, EXEC, v:1, k:ed@fib2, mode:FULL, rate:2, size:19
2026-05-10 15:54:40, EXEC, v:1, k:ed@fib2, mode:FULL, rate:2, size:22
2026-05-10 15:54:42, MOVE, v:1, k:ed@fib2, mode:BACK
2026-05-10 15:54:44, MOVE, v:1, k:ed@fib2, mode:PICK
2026-05-10 15:54:47, EXEC, v:1, k:ed@fib2, mode:FULL, rate:2
2026-05-10 15:54:28, MOVE, v:1, k:ed@fib2, mode:EDIT
2026-05-10 15:54:45, MOVE, v:1, k:ed@fib2, mode:EDIT
2026-05-10 15:53:55, MOVE, v:1, k:ed@enesimo, mode:EDIT
2026-05-10 15:53:56, MOVE, v:1, k:sandbox@user_002, mode:EDIT
2026-05-10 16:26:54, MOVE, v:1, k:ed@fib2, mode:EDIT
2026-05-10 16:29:02, EXEC, v:1, k:ed@fib2, mode:FULL, rate:12, size:25
2026-05-10 16:29:56, EXEC, v:1, k:ed@fib2, mode:FULL, rate:12
2026-05-10 16:32:12, EXEC, v:1, k:ed@fib2, mode:FULL, rate:100, size:25
2026-05-10 16:32:53, MOVE, v:1, k:ed@fib2, mode:BACK
2026-05-10 16:32:07, MOVE, v:1, k:ed@fib2, mode:EDIT
2026-05-10 16:32:10, MOVE, v:1, k:ed@fib2, mode:EDIT
2026-05-10 16:33:05, SELF, v:1, k:ed@fib1, self:1, rate:100, study:40
2026-05-10 16:33:11, SELF, v:1, k:ed@fib2, self:1, rate:100, study:30
2026-05-10 16:33:55, MOVE, v:1, k:ed@quadrado, mode:DOWN
2026-05-10 16:33:56, MOVE, v:1, k:ed@quadrado, mode:PICK
2026-05-10 16:33:58, EXEC, v:1, k:ed@quadrado, mode:FULL, rate:0, size:5
2026-05-10 16:33:55, MOVE, v:1, k:ed@quadrado, mode:EDIT
2026-05-10 16:33:55, MOVE, v:1, k:ed@quadrado, mode:EDIT
2026-05-10 16:38:06, MOVE, v:1, k:ed@quadrado, mode:EDIT
2026-05-10 16:33:57, MOVE, v:1, k:ed@quadrado, mode:EDIT
2026-05-10 16:43:28, MOVE, v:1, k:ed@quadrado, mode:EDIT
2026-05-10 16:44:51, EXEC, v:1, k:ed@quadrado, mode:FULL, rate:0, size:18
2026-05-10 16:45:02, EXEC, v:1, k:ed@quadrado, mode:FULL, rate:5, size:18
2026-05-10 16:45:08, MOVE, v:1, k:ed@quadrado, mode:EDIT
2026-05-10 16:45:01, MOVE, v:1, k:ed@quadrado, mode:EDIT
2026-05-10 16:53:38, MOVE, v:1, k:ed@quadrado, mode:EDIT
2026-05-10 16:55:16, EXEC, v:1, k:ed@quadrado, mode:FULL, rate:5, size:21
2026-05-10 16:55:54, EXEC, v:1, k:ed@quadrado, mode:FULL, rate:5, size:21
2026-05-10 16:56:26, EXEC, v:1, k:ed@quadrado, mode:FULL, rate:5, size:21
2026-05-10 16:56:41, EXEC, v:1, k:ed@quadrado, mode:FULL, rate:5, size:21
2026-05-10 16:57:12, EXEC, v:1, k:ed@quadrado, mode:FULL, rate:5, size:21
2026-05-10 16:57:32, EXEC, v:1, k:ed@quadrado, mode:FULL, rate:5, size:22
2026-05-10 16:57:46, EXEC, v:1, k:ed@quadrado, mode:FULL, rate:5, size:22
2026-05-10 16:58:40, MOVE, v:1, k:ed@quadrado, mode:PICK
2026-05-10 16:59:01, EXEC, v:1, k:ed@quadrado, mode:FULL, rate:5, size:21
2026-05-10 16:59:14, EXEC, v:1, k:ed@quadrado, mode:FULL, rate:5, size:22
2026-05-10 17:00:55, EXEC, v:1, k:ed@quadrado, mode:FULL, rate:5, size:26
2026-05-10 17:01:30, EXEC, v:1, k:ed@quadrado, mode:FULL, rate:100, size:26
2026-05-10 17:03:05, MOVE, v:1, k:ed@quadrado, mode:BACK
2026-05-10 17:03:25, SELF, v:1, k:ed@quadrado, self:1, rate:100, study:30
2026-05-10 17:03:25, MOVE, v:1, k:ed@quadrado, mode:PICK
2026-05-10 17:03:27, MOVE, v:1, k:ed@quadrado, mode:BACK
2026-05-10 17:03:38, MOVE, v:1, k:ed@santo, mode:DOWN
2026-05-10 17:03:39, MOVE, v:1, k:ed@santo, mode:PICK
2026-05-10 17:03:42, EXEC, v:1, k:ed@santo, mode:FULL, rate:0, size:5
2026-05-10 17:04:03, MOVE, v:1, k:ed@santo, mode:BACK
2026-05-10 17:03:38, MOVE, v:1, k:ed@santo, mode:EDIT
2026-05-10 17:03:38, MOVE, v:1, k:ed@santo, mode:EDIT
2026-05-10 17:03:38, MOVE, v:1, k:ed@santo, mode:EDIT
2026-05-10 17:03:41, MOVE, v:1, k:ed@santo, mode:EDIT
2026-05-10 17:12:04, MOVE, v:1, k:ed@santo, mode:PICK
2026-05-10 17:12:07, EXEC, v:1, k:ed@santo, mode:FULL, rate:0
2026-05-10 17:12:07, MOVE, v:1, k:ed@santo, mode:EDIT
2026-05-10 17:18:10, MOVE, v:1, k:ed@santo, mode:EDIT
2026-05-10 17:19:25, MOVE, v:1, k:ed@santo, mode:EDIT
2026-05-10 17:29:47, EXEC, v:1, k:ed@santo, mode:FULL, rate:0, size:22
2026-05-10 17:29:53, MOVE, v:1, k:ed@santo, mode:BACK
2026-05-10 17:29:56, MOVE, v:1, k:ed@santo, mode:PICK
2026-05-10 17:29:58, EXEC, v:1, k:ed@santo, mode:FULL, rate:0
2026-05-10 17:30:31, MOVE, v:1, k:ed@santo, mode:EDIT
2026-05-10 17:29:58, MOVE, v:1, k:ed@santo, mode:EDIT
2026-05-10 17:31:14, EXEC, v:1, k:ed@santo, mode:FULL, rate:0, size:22
2026-05-10 17:35:16, EXEC, v:1, k:ed@santo, mode:FULL, rate:0, size:22
2026-05-10 17:35:17, EXEC, v:1, k:ed@santo, mode:FULL, rate:0
2026-05-10 17:35:44, EXEC, v:1, k:ed@santo, mode:FULL, rate:0, size:22
2026-05-10 17:35:41, MOVE, v:1, k:ed@santo, mode:EDIT
2026-05-10 17:35:44, MOVE, v:1, k:ed@santo, mode:EDIT
2026-05-10 17:37:32, EXEC, v:1, k:ed@santo, mode:FULL, rate:100, size:22
2026-05-10 17:37:47, SELF, v:1, k:ed@santo, self:1, rate:100, study:30
2026-05-10 17:37:49, MOVE, v:1, k:ed@santo, mode:BACK
