2026-06-14 18:42:36, MOVE, v:1, k:ed@prin_list2, mode:PICK
2026-06-14 18:42:36, MOVE, v:1, k:ed@prin_list2, mode:EDIT
2026-06-14 18:42:36, MOVE, v:1, k:ed@prin_list2, mode:EDIT
2026-06-14 18:43:10, EXEC, v:1, k:ed@prin_list2, mode:FULL, rate:0
2026-06-14 18:43:11, EXEC, v:1, k:ed@prin_list2, mode:FULL, rate:0
2026-06-14 18:43:11, MOVE, v:1, k:ed@prin_list2, mode:EDIT
2026-06-14 18:49:35, EXEC, v:1, k:ed@prin_list2, mode:FULL, rate:0
2026-06-14 18:52:58, MOVE, v:1, k:ed@prin_list2, mode:EDIT
2026-06-14 18:52:54, MOVE, v:1, k:ed@prin_list2, mode:EDIT
2026-06-14 18:53:01, EXEC, v:1, k:ed@prin_list2, mode:FULL, rate:0, size:49
2026-06-14 18:54:03, EXEC, v:1, k:ed@prin_list2, mode:FULL, rate:0, size:52
2026-06-14 18:54:03, MOVE, v:1, k:ed@prin_list2, mode:EDIT
2026-06-14 18:57:41, MOVE, v:1, k:ed@prin_list2, mode:EDIT
2026-06-14 19:25:06, MOVE, v:1, k:ed@prin_list2, mode:EDIT
2026-06-14 19:36:41, MOVE, v:1, k:ed@prin_list2, mode:EDIT
2026-06-14 19:42:08, MOVE, v:1, k:ed@prin_list2, mode:EDIT
2026-06-14 19:43:08, EXEC, v:1, k:ed@prin_list2, mode:FULL, rate:0, size:67
2026-06-14 19:45:14, EXEC, v:1, k:ed@prin_list2, mode:FULL, rate:100, size:67
2026-06-14 19:45:17, MOVE, v:1, k:ed@prin_list2, mode:BACK
2026-06-14 19:45:36, SELF, v:1, k:ed@prin_list2, self:1, rate:100, study:50
2026-06-14 19:46:03, MOVE, v:1, k:ed@editor, mode:DOWN
2026-06-14 19:46:06, MOVE, v:1, k:ed@editor, mode:PICK
2026-06-14 19:46:12, EXEC, v:1, k:ed@editor, mode:FULL, rate:0, size:5
2026-06-14 19:46:03, MOVE, v:1, k:ed@editor, mode:EDIT
2026-06-14 19:46:03, MOVE, v:1, k:ed@editor, mode:EDIT
2026-06-14 19:46:03, MOVE, v:1, k:ed@editor, mode:EDIT
2026-06-14 19:46:03, MOVE, v:1, k:ed@editor, mode:EDIT
2026-06-14 19:46:12, MOVE, v:1, k:ed@editor, mode:EDIT
2026-06-14 19:55:48, MOVE, v:1, k:ed@editor, mode:EDIT
2026-06-14 20:00:47, MOVE, v:1, k:ed@editor, mode:EDIT
2026-06-14 20:05:38, MOVE, v:1, k:ed@editor, mode:EDIT
2026-06-14 20:10:46, MOVE, v:1, k:ed@editor, mode:EDIT
2026-06-14 20:14:27, EXEC, v:1, k:ed@editor, mode:FULL, size:60, fail:COMP
2026-06-14 20:15:26, MOVE, v:1, k:ed@editor, mode:EDIT
2026-06-14 20:17:31, EXEC, v:1, k:ed@editor, mode:FULL, rate:100, size:73
2026-06-14 20:17:59, SELF, v:1, k:ed@editor, self:1, rate:100, study:30, guided:1, concept:1, problem:1, refactor:1
2026-06-14 20:18:04, SELF, v:1, k:ed@editor, self:1, rate:100, study:30, guided:1, concept:1, problem:1, refactor:1
2026-06-14 20:18:05, EXEC, v:1, k:ed@editor, mode:FULL, rate:100
2026-06-14 20:18:05, MOVE, v:1, k:ed@editor, mode:BACK
2026-06-14 20:18:42, MOVE, v:1, k:ed@editor, mode:EDIT
2026-06-14 20:18:05, MOVE, v:1, k:ed@editor, mode:EDIT
2026-06-14 20:23:17, MOVE, v:1, k:ed@editor, mode:PICK
2026-06-14 20:23:20, EXEC, v:1, k:ed@editor, mode:FULL, rate:100, size:65
2026-06-14 20:24:36, EXEC, v:1, k:ed@editor, mode:FULL, rate:100, size:61
2026-06-14 20:24:37, MOVE, v:1, k:ed@editor, mode:BACK
2026-06-14 20:25:42, MOVE, v:1, k:ed@controlz, mode:DOWN
2026-06-14 20:25:43, MOVE, v:1, k:ed@controlz, mode:PICK
2026-06-14 20:25:47, EXEC, v:1, k:ed@controlz, mode:FULL, rate:0, size:5
2026-06-14 20:27:01, MOVE, v:1, k:ed@controlz, mode:BACK
2026-06-14 20:27:03, MOVE, v:1, k:ed@controlz, mode:PICK
2026-06-14 20:27:05, EXEC, v:1, k:ed@controlz, mode:FULL, rate:0
2026-06-14 20:27:29, EXEC, v:1, k:ed@controlz, mode:FULL, rate:46, size:61
2026-06-14 20:25:42, MOVE, v:1, k:ed@controlz, mode:EDIT
2026-06-14 20:25:42, MOVE, v:1, k:ed@controlz, mode:EDIT
2026-06-14 20:25:42, MOVE, v:1, k:ed@controlz, mode:EDIT
2026-06-14 20:25:42, MOVE, v:1, k:ed@controlz, mode:EDIT
2026-06-14 20:27:24, MOVE, v:1, k:ed@controlz, mode:EDIT
2026-06-14 20:27:28, MOVE, v:1, k:ed@controlz, mode:EDIT
2026-06-14 20:26:55, MOVE, v:1, k:ed@pintando, mode:EDIT
2026-06-14 20:32:45, EXEC, v:1, k:ed@controlz, mode:FULL, rate:46
2026-06-14 20:32:45, MOVE, v:1, k:ed@controlz, mode:EDIT
2026-06-14 20:54:04, EXEC, v:1, k:ed@controlz, mode:FULL, rate:46
2026-06-14 20:54:11, EXEC, v:1, k:ed@controlz, mode:FULL, rate:46
2026-06-14 20:54:14, EXEC, v:1, k:ed@controlz, mode:FULL, rate:46
2026-06-14 20:54:17, EXEC, v:1, k:ed@controlz, mode:FULL, rate:46
2026-06-14 20:54:21, EXEC, v:1, k:ed@controlz, mode:FULL, rate:46
2026-06-14 20:54:21, MOVE, v:1, k:ed@controlz, mode:BACK
2026-06-14 20:55:18, SELF, v:1, k:ed@lista_d4, self:1, rate:100, study:60
2026-06-14 20:55:43, SELF, v:1, k:ed@queimada, self:1, rate:100
2026-06-14 20:55:55, MOVE, v:1, k:ed@editorint, mode:DOWN
2026-06-14 20:56:08, SELF, v:1, k:ed@labirinto, self:1, rate:100, concept:1
2026-06-14 20:56:19, MOVE, v:1, k:ed@editorint, mode:PICK
2026-06-14 20:56:21, EXEC, v:1, k:ed@editorint, mode:FULL, size:261, fail:COMP
2026-06-14 20:55:54, MOVE, v:1, k:ed@editorint, mode:EDIT
2026-06-14 20:55:54, MOVE, v:1, k:ed@editorint, mode:EDIT
2026-06-14 20:55:54, MOVE, v:1, k:ed@editorint, mode:EDIT
2026-06-14 20:55:54, MOVE, v:1, k:ed@editorint, mode:EDIT
2026-06-14 20:55:55, MOVE, v:1, k:ed@editorint, mode:EDIT
2026-06-14 21:01:16, MOVE, v:1, k:ed@editorint, mode:BACK
2026-06-14 21:01:17, MOVE, v:1, k:ed@editorint, mode:PICK
2026-06-14 21:01:25, EXEC, v:1, k:ed@editorint, mode:LOCK, rate:0
2026-06-14 21:01:47, MOVE, v:1, k:ed@editorint, mode:BACK
2026-06-14 21:02:00, MOVE, v:1, k:ed@editorint, mode:PICK
2026-06-14 21:10:24, MOVE, v:1, k:ed@bufferring, mode:DOWN
2026-06-14 21:10:32, MOVE, v:1, k:ed@subset_sum, mode:DOWN
2026-06-14 21:10:33, MOVE, v:1, k:ed@subset_sum, mode:PICK
2026-06-14 21:10:38, EXEC, v:1, k:ed@subset_sum, mode:FULL, rate:0, size:5
2026-06-14 21:10:41, MOVE, v:1, k:ed@subset_sum, mode:BACK
2026-06-14 21:10:24, MOVE, v:1, k:ed@bufferring, mode:EDIT
2026-06-14 21:10:24, MOVE, v:1, k:ed@bufferring, mode:EDIT
2026-06-14 21:10:24, MOVE, v:1, k:ed@bufferring, mode:EDIT
2026-06-14 21:10:24, MOVE, v:1, k:ed@bufferring, mode:EDIT
2026-06-14 21:10:24, MOVE, v:1, k:ed@bufferring, mode:EDIT
2026-06-14 21:10:32, MOVE, v:1, k:ed@subset_sum, mode:EDIT
2026-06-14 21:10:32, MOVE, v:1, k:ed@subset_sum, mode:EDIT
2026-06-14 21:10:32, MOVE, v:1, k:ed@subset_sum, mode:EDIT
2026-06-14 21:10:32, MOVE, v:1, k:ed@subset_sum, mode:EDIT
2026-06-14 21:10:37, MOVE, v:1, k:ed@subset_sum, mode:EDIT
