2026-04-28 15:53:37, MOVE, v:1, k:ed@bettersearch, mode:DOWN
2026-04-28 15:53:38, MOVE, v:1, k:ed@bettersearch, mode:PICK
2026-04-28 15:54:05, EXEC, v:1, k:ed@bettersearch, mode:FULL, rate:18, size:33
2026-04-28 15:54:08, EXEC, v:1, k:ed@bettersearch, mode:FULL, rate:18
2026-04-28 15:53:37, MOVE, v:1, k:ed@bettersearch, mode:EDIT
2026-04-28 15:53:37, MOVE, v:1, k:ed@bettersearch, mode:EDIT
2026-04-28 15:56:44, MOVE, v:1, k:ed@bettersearch, mode:EDIT
2026-04-28 15:54:07, MOVE, v:1, k:ed@bettersearch, mode:EDIT
2026-04-28 16:01:48, MOVE, v:1, k:ed@bettersearch, mode:EDIT
2026-04-28 16:02:03, EXEC, v:1, k:ed@bettersearch, mode:FULL, rate:27, size:43
2026-04-28 16:02:50, EXEC, v:1, k:ed@bettersearch, mode:FULL, rate:27, size:43
2026-04-28 16:03:13, EXEC, v:1, k:ed@bettersearch, mode:FULL, rate:27, size:44
2026-04-28 16:04:24, EXEC, v:1, k:ed@bettersearch, mode:FULL, rate:54, size:44
2026-04-28 16:06:49, MOVE, v:1, k:ed@bettersearch, mode:EDIT
2026-04-28 16:04:23, MOVE, v:1, k:ed@bettersearch, mode:EDIT
2026-04-28 16:08:23, EXEC, v:1, k:ed@bettersearch, mode:FULL, rate:54, size:53
2026-04-28 16:09:00, EXEC, v:1, k:ed@bettersearch, mode:FULL, rate:54
2026-04-28 16:11:51, MOVE, v:1, k:ed@bettersearch, mode:EDIT
2026-04-28 16:09:00, MOVE, v:1, k:ed@bettersearch, mode:EDIT
2026-04-28 16:12:44, EXEC, v:1, k:ed@bettersearch, mode:FULL, rate:81, size:53
2026-04-28 16:13:18, EXEC, v:1, k:ed@bettersearch, mode:FULL, rate:81
2026-04-28 16:14:00, EXEC, v:1, k:ed@bettersearch, mode:FULL, rate:81, size:51
2026-04-28 16:15:46, EXEC, v:1, k:ed@bettersearch, mode:FULL, rate:90, size:55
2026-04-28 16:16:48, EXEC, v:1, k:ed@bettersearch, mode:FULL, rate:18, size:57
2026-04-28 16:16:44, MOVE, v:1, k:ed@bettersearch, mode:EDIT
2026-04-28 16:16:47, MOVE, v:1, k:ed@bettersearch, mode:EDIT
2026-04-28 16:17:56, EXEC, v:1, k:ed@bettersearch, mode:FULL, rate:90, size:57
2026-04-28 16:18:09, EXEC, v:1, k:ed@bettersearch, mode:FULL, rate:100, size:57
2026-04-28 16:18:10, MOVE, v:1, k:ed@bettersearch, mode:BACK
2026-04-28 16:19:00, MOVE, v:1, k:ed@bettersearch, mode:PICK
2026-04-28 16:19:02, EXEC, v:1, k:ed@bettersearch, mode:FULL, rate:100, size:57
2026-04-28 16:19:03, MOVE, v:1, k:ed@bettersearch, mode:BACK
2026-04-28 16:22:53, MOVE, v:1, k:ed@bettersearch, mode:PICK
2026-04-28 16:22:55, EXEC, v:1, k:ed@bettersearch, mode:FULL, rate:100, size:40
2026-04-28 16:22:56, MOVE, v:1, k:ed@bettersearch, mode:BACK
2026-04-28 16:23:10, SELF, v:1, k:ed@bettersearch, self:1, rate:100, study:30
2026-04-28 16:23:37, MOVE, v:1, k:ed@multiset, mode:DOWN
2026-04-28 16:23:38, MOVE, v:1, k:ed@multiset, mode:PICK
2026-04-28 16:23:40, EXEC, v:1, k:ed@multiset, mode:FULL, rate:0, size:59
2026-04-28 16:24:12, EXEC, v:1, k:ed@multiset, mode:FULL, rate:0
2026-04-28 16:22:48, MOVE, v:1, k:ed@bettersearch, mode:EDIT
2026-04-28 16:22:54, MOVE, v:1, k:ed@bettersearch, mode:EDIT
2026-04-28 16:23:37, MOVE, v:1, k:ed@multiset, mode:EDIT
2026-04-28 16:23:37, MOVE, v:1, k:ed@multiset, mode:EDIT
2026-04-28 16:23:37, MOVE, v:1, k:ed@multiset, mode:EDIT
2026-04-28 16:23:37, MOVE, v:1, k:ed@multiset, mode:EDIT
2026-04-28 16:24:12, MOVE, v:1, k:ed@multiset, mode:EDIT
2026-04-28 16:29:07, MOVE, v:1, k:ed@multiset, mode:EDIT
2026-04-28 16:34:09, MOVE, v:1, k:ed@multiset, mode:EDIT
2026-04-28 16:39:13, MOVE, v:1, k:ed@multiset, mode:EDIT
2026-04-28 16:39:17, EXEC, v:1, k:ed@multiset, mode:FULL, rate:0, size:65
2026-04-28 16:41:16, EXEC, v:1, k:ed@multiset, mode:FULL, rate:0, size:65
2026-04-28 16:41:15, MOVE, v:1, k:ed@multiset, mode:EDIT
2026-04-28 16:44:06, MOVE, v:1, k:ed@multiset, mode:EDIT
2026-04-28 16:45:49, EXEC, v:1, k:ed@multiset, mode:FULL, rate:0, size:66
2026-04-28 16:49:14, MOVE, v:1, k:ed@multiset, mode:EDIT
2026-04-28 16:45:48, MOVE, v:1, k:ed@multiset, mode:EDIT
2026-04-28 16:49:27, EXEC, v:1, k:ed@multiset, mode:FULL, rate:0, size:66
2026-04-28 16:50:45, EXEC, v:1, k:ed@multiset, mode:FULL, rate:0, size:66
2026-04-28 16:52:38, MOVE, v:1, k:ed@multiset, mode:EDIT
2026-04-28 16:50:45, MOVE, v:1, k:ed@multiset, mode:EDIT
2026-04-28 17:48:38, MOVE, v:1, k:ed@bettersearch, mode:EDIT
