2026-04-05 20:06:25, MOVE, v:1, k:sandbox@user_001, mode:PICK
2026-04-05 20:06:29, EXEC, v:1, k:sandbox@user_001, mode:LOCK, rate:0, size:5
2026-04-05 20:06:29, MOVE, v:1, k:sandbox@user_001, mode:BACK
2026-04-05 20:06:55, MOVE, v:1, k:sandbox@user_001, mode:PICK
2026-04-05 20:07:01, MOVE, v:1, k:sandbox@user_001, mode:BACK
2026-04-05 22:36:45, MOVE, v:1, k:ed@fractais_png, mode:DOWN
2026-04-05 22:37:55, MOVE, v:1, k:ed@fractais_png, mode:PICK
2026-04-05 22:37:56, EXEC, v:1, k:ed@fractais_png, mode:FULL, size:136, fail:COMP
2026-04-05 22:38:03, MOVE, v:1, k:ed@fractais_png, mode:BACK
2026-04-05 22:38:06, MOVE, v:1, k:ed@fractais_png, mode:PICK
2026-04-05 22:38:07, EXEC, v:1, k:ed@fractais_png, mode:FULL, fail:COMP
2026-04-05 22:38:08, MOVE, v:1, k:ed@fractais_png, mode:BACK
2026-04-05 22:38:39, MOVE, v:1, k:ed@triangulo, mode:PICK
2026-04-05 22:38:43, EXEC, v:1, k:ed@triangulo, mode:FULL, rate:0
2026-04-05 22:38:50, MOVE, v:1, k:ed@triangulo, mode:BACK
2026-04-05 22:59:54, MOVE, v:1, k:ed@treinando, mode:DOWN
2026-04-05 22:59:56, MOVE, v:1, k:ed@treinando, mode:PICK
2026-04-05 22:59:59, EXEC, v:1, k:ed@treinando, mode:FULL, rate:0, size:84
2026-04-05 23:00:02, MOVE, v:1, k:ed@treinando, mode:BACK
2026-04-05 23:25:45, MOVE, v:1, k:ed@treinando, mode:PICK
2026-04-05 23:25:47, EXEC, v:1, k:ed@treinando, mode:FULL, rate:0, size:98
2026-04-05 23:28:01, EXEC, v:1, k:ed@treinando, mode:FULL, rate:0
2026-04-05 23:29:35, EXEC, v:1, k:ed@treinando, mode:FULL, size:99, fail:COMP
2026-04-05 23:30:31, EXEC, v:1, k:ed@treinando, mode:FULL, size:99, fail:COMP
2026-04-05 23:30:43, EXEC, v:1, k:ed@treinando, mode:FULL, rate:0, size:94
2026-04-05 23:32:10, EXEC, v:1, k:ed@treinando, mode:FULL, rate:0, size:98
2026-04-05 23:32:30, EXEC, v:1, k:ed@treinando, mode:FULL, rate:0, size:98
2026-04-05 23:33:08, EXEC, v:1, k:ed@treinando, mode:FULL, rate:16, size:98
2026-04-05 23:35:41, EXEC, v:1, k:ed@treinando, mode:FULL, rate:16, size:111
2026-04-05 23:37:22, EXEC, v:1, k:ed@treinando, mode:FULL, rate:16, size:111
2026-04-05 23:38:15, EXEC, v:1, k:ed@treinando, mode:FULL, rate:16, size:111
2026-04-05 23:39:10, EXEC, v:1, k:ed@treinando, mode:FULL, rate:16, size:111
2026-04-05 23:39:48, EXEC, v:1, k:ed@treinando, mode:FULL, rate:16, size:111
2026-04-05 23:41:11, EXEC, v:1, k:ed@treinando, mode:FULL, rate:16, size:111
2026-04-05 23:41:31, EXEC, v:1, k:ed@treinando, mode:FULL, rate:16, size:111
2026-04-05 23:45:56, EXEC, v:1, k:ed@treinando, mode:FULL, rate:33, size:110
2026-04-05 23:46:53, EXEC, v:1, k:ed@treinando, mode:FULL, size:110, fail:COMP
2026-04-05 23:47:02, EXEC, v:1, k:ed@treinando, mode:FULL, rate:33, size:109
2026-04-05 23:48:11, MOVE, v:1, k:ed@treinando, mode:BACK
2026-04-05 23:48:15, MOVE, v:1, k:ed@treinando, mode:PICK
2026-04-05 23:48:17, EXEC, v:1, k:ed@treinando, mode:FULL, rate:33
2026-04-05 23:48:18, MOVE, v:1, k:ed@treinando, mode:BACK
2026-04-05 23:50:45, MOVE, v:1, k:ed@treinando, mode:PICK
2026-04-05 23:50:47, EXEC, v:1, k:ed@treinando, mode:FULL, rate:33
2026-04-05 23:51:31, MOVE, v:1, k:ed@treinando, mode:BACK
2026-04-05 23:53:55, MOVE, v:1, k:ed@treinando, mode:PICK
2026-04-05 23:53:57, EXEC, v:1, k:ed@treinando, mode:FULL, rate:33, size:113
2026-04-05 23:55:36, EXEC, v:1, k:ed@treinando, mode:FULL, rate:33
2026-04-05 23:56:18, EXEC, v:1, k:ed@treinando, mode:FULL, rate:33, size:109
2026-04-05 23:56:41, EXEC, v:1, k:ed@treinando, mode:FULL, rate:33, size:113
2026-04-05 23:59:28, EXEC, v:1, k:ed@treinando, mode:FULL, rate:50, size:113
