2026-03-16 15:55:41, MOVE, v:1, k:ed@pintando, mode:PICK
2026-03-16 15:55:50, MOVE, v:1, k:ed@pintando, mode:BACK
2026-03-16 15:56:16, MOVE, v:1, k:ed@pintando, mode:PICK
2026-03-16 15:56:18, MOVE, v:1, k:ed@pintando, mode:BACK
2026-03-16 15:57:27, MOVE, v:1, k:ed@pintando, mode:PICK
2026-03-16 15:57:30, MOVE, v:1, k:ed@pintando, mode:BACK
2026-03-16 15:58:07, MOVE, v:1, k:ed@pintando, mode:PICK
2026-03-16 15:58:12, EXEC, v:1, k:ed@pintando, mode:FULL, rate:0, size:5
2026-03-16 15:58:13, EXEC, v:1, k:ed@pintando, mode:FULL, rate:0
2026-03-16 15:58:13, MOVE, v:1, k:ed@pintando, mode:BACK
2026-03-16 16:07:41, MOVE, v:1, k:ed@pintando, mode:PICK
2026-03-16 16:07:47, EXEC, v:1, k:ed@pintando, mode:FULL, rate:0, size:14
2026-03-16 16:09:45, MOVE, v:1, k:ed@pintando, mode:BACK
2026-03-16 16:09:46, MOVE, v:1, k:ed@pintando, mode:PICK
2026-03-16 16:09:49, EXEC, v:1, k:ed@pintando, mode:FULL, rate:0
2026-03-16 16:16:21, MOVE, v:1, k:ed@pintando, mode:BACK
2026-03-16 16:16:23, MOVE, v:1, k:ed@pintando, mode:PICK
2026-03-16 16:16:25, EXEC, v:1, k:ed@pintando, mode:FULL, rate:0, size:17
2026-03-16 16:18:15, EXEC, v:1, k:ed@pintando, mode:FREE
2026-03-16 16:18:50, MOVE, v:1, k:ed@pintando, mode:BACK
2026-03-16 16:18:59, MOVE, v:1, k:ed@pintando, mode:PICK
2026-03-16 16:19:02, EXEC, v:1, k:ed@pintando, mode:FREE
2026-03-16 16:20:35, EXEC, v:1, k:ed@pintando, mode:FULL, rate:100, size:17
2026-03-16 16:20:36, EXEC, v:1, k:ed@pintando, mode:FULL, rate:100
2026-03-16 16:21:00, EXEC, v:1, k:ed@pintando, mode:FREE
