2026-07-07 02:45:39, MOVE, v:1, k:ed@pilhado, mode:PICK
2026-07-07 02:45:42, EXEC, v:1, k:ed@pilhado, mode:FULL, size:42, fail:COMP
2026-07-07 02:45:53, EXEC, v:1, k:ed@pilhado, mode:FULL, fail:COMP
2026-07-07 02:46:39, MOVE, v:1, k:ed@pilhado, mode:BACK
2026-07-07 03:39:46, MOVE, v:1, k:ed@pilhado, mode:PICK
2026-07-07 03:39:53, EXEC, v:1, k:ed@pilhado, mode:FULL, size:42, fail:COMP
2026-07-07 03:44:08, MOVE, v:1, k:ed@pilhado, mode:PICK
2026-07-07 03:44:13, EXEC, v:1, k:ed@pilhado, mode:FULL, fail:COMP
2026-07-07 03:44:36, MOVE, v:1, k:ed@pilhado, mode:EDIT
2026-07-07 03:56:39, EXEC, v:1, k:ed@pilhado, mode:FULL, size:42, fail:COMP
2026-07-07 03:56:50, MOVE, v:1, k:ed@pilhado, mode:BACK
2026-07-07 03:57:57, MOVE, v:1, k:ed@pilhado, mode:PICK
2026-07-07 03:57:58, EXEC, v:1, k:ed@pilhado, mode:FULL, fail:COMP
2026-07-07 04:01:56, MOVE, v:1, k:ed@pilhado, mode:EDIT
2026-07-07 04:03:31, MOVE, v:1, k:ed@pilhado, mode:EDIT
2026-07-07 04:07:51, MOVE, v:1, k:ed@pilhado, mode:EDIT
2026-07-07 04:16:59, MOVE, v:1, k:ed@pilhado, mode:EDIT
2026-07-07 04:20:12, EXEC, v:1, k:ed@pilhado, mode:FULL, rate:0, size:81
2026-07-07 04:21:51, MOVE, v:1, k:ed@pilhado, mode:EDIT
2026-07-07 04:20:11, MOVE, v:1, k:ed@pilhado, mode:EDIT
2026-07-07 04:25:05, EXEC, v:1, k:ed@pilhado, mode:FULL, rate:0, size:99
2026-07-07 04:27:02, MOVE, v:1, k:ed@pilhado, mode:EDIT
2026-07-07 04:25:05, MOVE, v:1, k:ed@pilhado, mode:EDIT
2026-07-07 04:31:25, EXEC, v:1, k:ed@pilhado, mode:FULL, rate:0, size:124
2026-07-07 04:31:42, EXEC, v:1, k:ed@pilhado, mode:FULL, rate:0, size:122
2026-07-07 04:32:03, MOVE, v:1, k:ed@pilhado, mode:EDIT
2026-07-07 04:31:42, MOVE, v:1, k:ed@pilhado, mode:EDIT
2026-07-07 04:35:06, EXEC, v:1, k:ed@pilhado, mode:FULL, rate:0, size:137
2026-07-07 04:36:44, EXEC, v:1, k:ed@pilhado, mode:FULL, rate:0
2026-07-07 04:35:01, MOVE, v:1, k:ed@pilhado, mode:EDIT
2026-07-07 04:36:43, MOVE, v:1, k:ed@pilhado, mode:EDIT
2026-07-07 04:41:50, EXEC, v:1, k:ed@pilhado, mode:FULL, rate:0, size:148
2026-07-07 04:41:29, MOVE, v:1, k:ed@pilhado, mode:EDIT
2026-07-07 04:41:49, MOVE, v:1, k:ed@pilhado, mode:EDIT
2026-07-07 04:43:18, EXEC, v:1, k:ed@pilhado, mode:FULL, rate:0, size:148
2026-07-07 04:45:07, EXEC, v:1, k:ed@pilhado, mode:FULL, rate:0
2026-07-07 04:45:27, EXEC, v:1, k:ed@pilhado, mode:FULL, rate:0
2026-07-07 04:45:27, MOVE, v:1, k:ed@pilhado, mode:BACK
2026-07-07 04:46:29, MOVE, v:1, k:ed@pilhado, mode:PICK
2026-07-07 04:46:31, EXEC, v:1, k:ed@pilhado, mode:FULL, rate:0
2026-07-07 04:47:11, EXEC, v:1, k:ed@pilhado, mode:FULL, rate:0, size:114
2026-07-07 04:47:10, MOVE, v:1, k:ed@pilhado, mode:EDIT
2026-07-07 04:50:39, MOVE, v:1, k:ed@pilhado, mode:EDIT
2026-07-07 04:55:39, MOVE, v:1, k:ed@pilhado, mode:EDIT
2026-07-07 05:00:38, MOVE, v:1, k:ed@pilhado, mode:EDIT
2026-07-07 05:04:22, EXEC, v:1, k:ed@pilhado, mode:FULL, rate:0, size:85
2026-07-07 05:04:15, MOVE, v:1, k:ed@pilhado, mode:EDIT
2026-07-07 05:04:20, MOVE, v:1, k:ed@pilhado, mode:EDIT
2026-07-07 05:04:21, MOVE, v:1, k:ed@pilhado, mode:EDIT
2026-07-07 05:06:08, EXEC, v:1, k:ed@pilhado, mode:FULL, rate:0, size:85
2026-07-07 05:07:28, EXEC, v:1, k:ed@pilhado, mode:FULL, rate:0, size:87
2026-07-07 05:08:22, EXEC, v:1, k:ed@pilhado, mode:FULL, rate:0, size:87
2026-07-07 05:08:52, EXEC, v:1, k:ed@pilhado, mode:FULL, rate:0, size:88
2026-07-07 05:09:00, EXEC, v:1, k:ed@pilhado, mode:FULL, rate:0
2026-07-07 05:08:46, MOVE, v:1, k:ed@pilhado, mode:EDIT
2026-07-07 05:09:00, MOVE, v:1, k:ed@pilhado, mode:EDIT
2026-07-07 05:11:06, EXEC, v:1, k:ed@pilhado, mode:FULL, rate:100, size:87
2026-07-07 05:11:07, MOVE, v:1, k:ed@pilhado, mode:BACK
2026-07-07 05:11:36, SELF, v:1, k:ed@pilhado, self:1, rate:100, study:150, concept:1, problem:1, debug:1
2026-07-07 05:11:50, SELF, v:1, k:ed@pilhado, self:1, rate:100, study:150, concept:1, debug:1
2026-07-07 05:12:10, MOVE, v:1, k:ed@serial, mode:DOWN
2026-07-07 05:12:10, MOVE, v:1, k:ed@serial, mode:PICK
2026-07-07 05:12:13, EXEC, v:1, k:ed@serial, mode:FULL, rate:0, size:65
2026-07-07 05:12:13, MOVE, v:1, k:ed@serial, mode:BACK
2026-07-07 05:12:23, MOVE, v:1, k:ed@serial, mode:PICK
2026-07-07 05:12:25, EXEC, v:1, k:ed@serial, mode:FULL, rate:0
2026-07-07 05:12:10, MOVE, v:1, k:ed@serial, mode:EDIT
2026-07-07 05:13:08, MOVE, v:1, k:ed@serial, mode:EDIT
2026-07-07 05:12:24, MOVE, v:1, k:ed@serial, mode:EDIT
2026-07-07 05:18:12, MOVE, v:1, k:ed@serial, mode:EDIT
2026-07-07 05:28:23, EXEC, v:1, k:ed@serial, mode:FULL, size:67, fail:COMP
2026-07-07 05:29:47, MOVE, v:1, k:ed@serial, mode:BACK
2026-07-07 05:29:51, MOVE, v:1, k:ed@serial, mode:PICK
2026-07-07 05:29:52, EXEC, v:1, k:ed@serial, mode:FULL, fail:COMP
2026-07-07 05:28:17, MOVE, v:1, k:ed@serial, mode:EDIT
2026-07-07 05:28:19, MOVE, v:1, k:ed@pilhado, mode:EDIT
2026-07-07 05:28:23, MOVE, v:1, k:ed@serial, mode:EDIT
2026-07-07 05:28:23, MOVE, v:1, k:ed@serial, mode:EDIT
2026-07-07 05:49:30, MOVE, v:1, k:ed@serial, mode:EDIT
2026-07-07 06:01:18, MOVE, v:1, k:ed@serial, mode:EDIT
2026-07-07 06:10:10, EXEC, v:1, k:ed@serial, mode:FULL, size:67, fail:COMP
2026-07-07 06:10:11, MOVE, v:1, k:ed@serial, mode:BACK
2026-07-07 06:09:59, MOVE, v:1, k:ed@serial, mode:EDIT
2026-07-07 06:25:27, MOVE, v:1, k:ed@serial, mode:PICK
2026-07-07 06:25:33, EXEC, v:1, k:ed@serial, mode:FULL, fail:COMP
2026-07-07 06:25:27, MOVE, v:1, k:ed@serial, mode:EDIT
2026-07-07 06:33:15, EXEC, v:1, k:ed@serial, mode:FULL, rate:0, size:66
2026-07-07 06:33:02, MOVE, v:1, k:ed@serial, mode:EDIT
2026-07-07 06:33:14, MOVE, v:1, k:ed@serial, mode:EDIT
2026-07-07 07:06:53, EXEC, v:1, k:ed@serial, mode:FULL, rate:0
2026-07-07 07:06:51, MOVE, v:1, k:ed@serial, mode:EDIT
2026-07-07 07:21:53, EXEC, v:1, k:ed@serial, mode:FULL, rate:0
2026-07-07 07:21:52, MOVE, v:1, k:ed@serial, mode:EDIT
2026-07-07 07:34:54, MOVE, v:1, k:ed@serial, mode:EDIT
2026-07-07 07:44:03, EXEC, v:1, k:ed@serial, mode:FULL, size:66, fail:COMP
2026-07-07 07:44:04, MOVE, v:1, k:ed@serial, mode:BACK
2026-07-07 07:44:11, MOVE, v:1, k:ed@serial, mode:PICK
2026-07-07 07:44:12, EXEC, v:1, k:ed@serial, mode:FULL, fail:COMP
2026-07-07 07:44:13, MOVE, v:1, k:ed@serial, mode:BACK
2026-07-07 07:44:25, MOVE, v:1, k:ed@serial, mode:PICK
2026-07-07 07:44:26, EXEC, v:1, k:ed@serial, mode:FULL, fail:COMP
2026-07-07 07:44:28, MOVE, v:1, k:ed@serial, mode:BACK
2026-07-07 07:46:28, MOVE, v:1, k:ed@serial, mode:PICK
2026-07-07 07:46:31, EXEC, v:1, k:ed@serial, mode:FULL, rate:0, size:65
2026-07-07 07:49:58, MOVE, v:1, k:ed@serial, mode:BACK
2026-07-07 18:03:58, MOVE, v:1, k:ed@serial, mode:PICK
2026-07-07 18:04:07, EXEC, v:1, k:ed@serial, mode:FULL, rate:0
2026-07-07 18:04:41, MOVE, v:1, k:ed@serial, mode:BACK
2026-07-07 18:07:20, MOVE, v:1, k:ed@serial, mode:PICK
2026-07-07 18:07:22, EXEC, v:1, k:ed@serial, mode:FULL, rate:0
2026-07-07 18:07:21, MOVE, v:1, k:ed@serial, mode:EDIT
2026-07-07 18:10:00, MOVE, v:1, k:ed@serial, mode:EDIT
2026-07-07 18:12:26, EXEC, v:1, k:ed@serial, mode:FULL, rate:0, size:88
2026-07-07 18:14:55, MOVE, v:1, k:ed@serial, mode:EDIT
2026-07-07 18:12:26, MOVE, v:1, k:ed@serial, mode:EDIT
2026-07-07 18:20:02, MOVE, v:1, k:ed@serial, mode:EDIT
2026-07-07 18:24:21, EXEC, v:1, k:ed@serial, mode:FULL, rate:0, size:113
2026-07-07 18:24:18, MOVE, v:1, k:ed@serial, mode:EDIT
2026-07-07 18:24:21, MOVE, v:1, k:ed@serial, mode:EDIT
2026-07-07 18:30:01, MOVE, v:1, k:ed@serial, mode:EDIT
2026-07-07 18:32:46, MOVE, v:1, k:ed@serial, mode:EDIT
2026-07-07 18:35:32, MOVE, v:1, k:ed@serial, mode:BACK
2026-07-07 18:35:52, MOVE, v:1, k:ed@serial, mode:DOWN
2026-07-07 18:35:53, MOVE, v:1, k:ed@serial, mode:PICK
2026-07-07 18:35:56, EXEC, v:1, k:ed@serial, mode:FULL, rate:0, size:65
2026-07-07 18:35:56, MOVE, v:1, k:ed@serial, mode:BACK
2026-07-07 18:36:00, MOVE, v:1, k:ed@serial, mode:PICK
2026-07-07 18:36:07, EXEC, v:1, k:ed@serial, mode:FULL, rate:0
2026-07-07 18:35:52, MOVE, v:1, k:ed@serial, mode:EDIT
2026-07-07 18:40:04, MOVE, v:1, k:ed@serial, mode:EDIT
2026-07-07 18:36:06, MOVE, v:1, k:ed@serial, mode:EDIT
2026-07-07 18:40:56, EXEC, v:1, k:ed@serial, mode:FULL, rate:14, size:88
2026-07-07 18:40:58, MOVE, v:1, k:ed@serial, mode:BACK
2026-07-07 18:41:00, MOVE, v:1, k:ed@serial, mode:PICK
2026-07-07 18:41:02, EXEC, v:1, k:ed@serial, mode:FULL, rate:14
2026-07-07 18:40:52, MOVE, v:1, k:ed@serial, mode:EDIT
2026-07-07 18:41:01, MOVE, v:1, k:ed@serial, mode:EDIT
2026-07-07 18:46:34, EXEC, v:1, k:ed@serial, mode:FULL, rate:14
2026-07-07 18:47:49, MOVE, v:1, k:ed@serial, mode:BACK
2026-07-07 18:47:59, MOVE, v:1, k:ed@serial, mode:PICK
2026-07-07 18:48:01, EXEC, v:1, k:ed@serial, mode:FULL, rate:14
2026-07-07 18:48:30, EXEC, v:1, k:ed@serial, mode:FULL, rate:14
2026-07-07 18:48:41, EXEC, v:1, k:ed@serial, mode:FULL, rate:14, size:88
2026-07-07 18:48:53, EXEC, v:1, k:ed@serial, mode:FULL, rate:14, size:88
2026-07-07 18:50:54, EXEC, v:1, k:ed@serial, mode:FULL, rate:14, size:90
2026-07-07 18:51:17, MOVE, v:1, k:ed@serial, mode:BACK
2026-07-07 18:51:25, MOVE, v:1, k:ed@serial, mode:PICK
2026-07-07 18:51:27, EXEC, v:1, k:ed@serial, mode:FULL, rate:14, size:88
2026-07-07 18:53:37, MOVE, v:1, k:ed@serial, mode:DOWN
2026-07-07 18:53:38, MOVE, v:1, k:ed@serial, mode:PICK
2026-07-07 18:53:40, EXEC, v:1, k:ed@serial, mode:FULL, rate:0, size:65
2026-07-07 18:55:42, EXEC, v:1, k:ed@serial, mode:FULL, rate:0
2026-07-07 18:56:15, EXEC, v:1, k:ed@serial, mode:FULL, rate:0
2026-07-07 18:56:29, EXEC, v:1, k:ed@serial, mode:FULL, rate:0
2026-07-07 18:57:47, EXEC, v:1, k:ed@serial, mode:FULL, rate:0
2026-07-07 18:58:09, EXEC, v:1, k:ed@serial, mode:FULL, rate:0
2026-07-07 18:58:23, EXEC, v:1, k:ed@serial, mode:FULL, rate:0
2026-07-07 18:53:37, MOVE, v:1, k:ed@serial, mode:EDIT
2026-07-07 18:58:22, MOVE, v:1, k:ed@serial, mode:EDIT
2026-07-07 18:58:19, MOVE, v:1, k:ed@serial, mode:EDIT
2026-07-07 19:00:11, EXEC, v:1, k:ed@serial, mode:FULL, rate:0
2026-07-07 19:00:59, MOVE, v:1, k:ed@serial, mode:BACK
2026-07-07 19:01:14, MOVE, v:1, k:ed@serial, mode:PICK
2026-07-07 19:01:15, EXEC, v:1, k:ed@serial, mode:FULL, rate:0
2026-07-07 19:04:49, EXEC, v:1, k:ed@serial, mode:FULL, rate:0
2026-07-07 19:05:02, EXEC, v:1, k:ed@serial, mode:FULL, rate:0
2026-07-07 19:05:04, EXEC, v:1, k:ed@serial, mode:FULL, rate:0
2026-07-07 19:05:05, EXEC, v:1, k:ed@serial, mode:FULL, rate:0
2026-07-07 19:05:07, EXEC, v:1, k:ed@serial, mode:FULL, rate:0
2026-07-07 19:05:08, EXEC, v:1, k:ed@serial, mode:FULL, rate:0
2026-07-07 19:05:25, EXEC, v:1, k:ed@serial, mode:FULL, rate:0
2026-07-07 19:06:05, EXEC, v:1, k:ed@serial, mode:FULL, rate:0
2026-07-07 19:06:06, MOVE, v:1, k:ed@serial, mode:EDIT
2026-07-07 19:05:22, MOVE, v:1, k:ed@serial, mode:EDIT
2026-07-07 19:06:06, EXEC, v:1, k:ed@serial, mode:FULL, rate:0
2026-07-07 19:06:29, EXEC, v:1, k:ed@serial, mode:FULL, rate:0
2026-07-07 19:06:30, MOVE, v:1, k:ed@serial, mode:BACK
2026-07-07 19:06:31, MOVE, v:1, k:ed@serial, mode:PICK
2026-07-07 19:06:33, MOVE, v:1, k:ed@serial, mode:BACK
2026-07-07 19:06:51, MOVE, v:1, k:ed@serial, mode:PICK
2026-07-07 19:06:53, EXEC, v:1, k:ed@serial, mode:FULL, rate:14, size:85
2026-07-07 19:07:29, EXEC, v:1, k:ed@serial, mode:FULL, size:0, fail:COMP
2026-07-07 19:08:37, EXEC, v:1, k:ed@serial, mode:FULL, rate:14, size:81
2026-07-07 19:09:16, EXEC, v:1, k:ed@serial, mode:FULL, rate:14
2026-07-07 19:09:17, MOVE, v:1, k:ed@serial, mode:BACK
2026-07-07 19:09:24, MOVE, v:1, k:ed@serial, mode:PICK
2026-07-07 19:09:25, EXEC, v:1, k:ed@serial, mode:FULL, rate:14
2026-07-07 19:09:25, MOVE, v:1, k:ed@serial, mode:EDIT
2026-07-07 19:16:42, EXEC, v:1, k:ed@serial, mode:FULL, rate:14, size:83
2026-07-07 19:18:35, MOVE, v:1, k:ed@serial, mode:PICK
2026-07-07 19:18:38, EXEC, v:1, k:ed@serial, mode:FULL, rate:14
2026-07-07 19:19:16, EXEC, v:1, k:ed@serial, mode:FULL, rate:100, size:83
2026-07-07 19:19:24, MOVE, v:1, k:ed@serial, mode:BACK
2026-07-07 19:19:50, SELF, v:1, k:ed@serial, self:1, rate:100, study:190, concept:1, problem:1, debug:1, refactor:1
2026-07-07 19:19:59, MOVE, v:1, k:ed@serial, mode:PICK
2026-07-07 19:20:38, EXEC, v:1, k:ed@serial, mode:FULL, rate:100
2026-07-07 19:20:40, MOVE, v:1, k:ed@serial, mode:BACK
2026-07-07 19:25:44, MOVE, v:1, k:ed@formatada, mode:DOWN
2026-07-07 19:25:45, MOVE, v:1, k:ed@formatada, mode:PICK
2026-07-07 19:25:48, EXEC, v:1, k:ed@formatada, mode:FULL, rate:0, size:72
2026-07-07 19:26:42, MOVE, v:1, k:ed@formatada, mode:BACK
2026-07-07 19:27:26, MOVE, v:1, k:ed@formatada, mode:PICK
2026-07-07 19:27:28, EXEC, v:1, k:ed@formatada, mode:FULL, rate:0
2026-07-07 19:31:10, EXEC, v:1, k:ed@formatada, mode:FULL, rate:100, size:89
2026-07-07 19:31:21, MOVE, v:1, k:ed@formatada, mode:BACK
2026-07-07 19:31:36, SELF, v:1, k:ed@formatada, self:1, rate:100, friend:5
2026-07-07 19:32:17, MOVE, v:1, k:ed@clonar, mode:DOWN
2026-07-07 19:32:18, MOVE, v:1, k:ed@clonar, mode:PICK
2026-07-07 19:32:20, EXEC, v:1, k:ed@clonar, mode:FULL, rate:0, size:76
2026-07-07 19:32:22, MOVE, v:1, k:ed@clonar, mode:BACK
2026-07-07 19:33:55, MOVE, v:1, k:ed@clonar, mode:PICK
2026-07-07 19:33:57, EXEC, v:1, k:ed@clonar, mode:FULL, rate:0
2026-07-07 19:33:57, MOVE, v:1, k:ed@clonar, mode:BACK
2026-07-07 19:37:12, MOVE, v:1, k:ed@clonar, mode:PICK
2026-07-07 19:37:13, EXEC, v:1, k:ed@clonar, mode:FULL, size:89, fail:COMP
2026-07-07 19:37:15, MOVE, v:1, k:ed@clonar, mode:BACK
2026-07-07 19:39:06, MOVE, v:1, k:ed@clonar, mode:EDIT
2026-07-07 19:39:26, MOVE, v:1, k:ed@clonar, mode:PICK
2026-07-07 19:39:28, EXEC, v:1, k:ed@clonar, mode:FULL, rate:100, size:93
2026-07-07 19:39:30, MOVE, v:1, k:ed@clonar, mode:BACK
2026-07-07 19:39:48, SELF, v:1, k:ed@clonar, self:1, rate:100, study:7
2026-07-07 19:40:05, MOVE, v:1, k:ed@inverter, mode:DOWN
2026-07-07 19:40:05, MOVE, v:1, k:ed@inverter, mode:PICK
2026-07-07 19:40:08, EXEC, v:1, k:ed@inverter, mode:FULL, rate:16, size:72
2026-07-07 19:42:31, EXEC, v:1, k:ed@inverter, mode:FULL, rate:100, size:78
2026-07-07 19:42:34, MOVE, v:1, k:ed@inverter, mode:BACK
2026-07-07 19:42:44, SELF, v:1, k:ed@inverter, self:1, rate:100, study:5
