2026-04-13 15:11:50, MOVE, v:1, k:sandbox@user_001, mode:PICK
2026-04-13 15:11:52, MOVE, v:1, k:sandbox@user_001, mode:BACK
2026-04-13 15:41:12, MOVE, v:1, k:ed@pintando, mode:PICK
2026-04-13 15:41:14, EXEC, v:1, k:ed@pintando, mode:FULL, rate:100
2026-04-13 15:41:16, MOVE, v:1, k:ed@pintando, mode:BACK
2026-04-13 15:42:01, MOVE, v:1, k:ed@pintando, mode:PICK
2026-04-13 15:42:04, EXEC, v:1, k:ed@pintando, mode:FULL, rate:100
2026-04-13 15:42:05, MOVE, v:1, k:ed@pintando, mode:BACK
2026-04-13 15:42:16, MOVE, v:1, k:ed@buscas, mode:PICK
2026-04-13 15:42:18, EXEC, v:1, k:ed@buscas, mode:FULL, rate:100
2026-04-13 15:42:19, MOVE, v:1, k:ed@buscas, mode:BACK
2026-04-13 15:42:25, MOVE, v:1, k:ed@especiais, mode:PICK
2026-04-13 15:42:27, EXEC, v:1, k:ed@especiais, mode:FULL, rate:0, size:132
2026-04-13 15:42:28, MOVE, v:1, k:ed@especiais, mode:BACK
2026-04-13 15:42:29, MOVE, v:1, k:ed@rotacoes, mode:DOWN
2026-04-13 15:42:30, MOVE, v:1, k:ed@rotacoes, mode:PICK
2026-04-13 15:42:32, EXEC, v:1, k:ed@rotacoes, mode:FULL, rate:0, size:5
2026-04-13 15:42:32, MOVE, v:1, k:ed@rotacoes, mode:BACK
2026-04-13 15:42:33, MOVE, v:1, k:ed@alternando, mode:DOWN
2026-04-13 15:42:34, MOVE, v:1, k:ed@alternando, mode:PICK
2026-04-13 15:42:36, EXEC, v:1, k:ed@alternando, mode:FULL, rate:0, size:5
2026-04-13 15:42:36, MOVE, v:1, k:ed@alternando, mode:BACK
2026-04-13 15:42:57, MOVE, v:1, k:ed@labirinto, mode:PICK
2026-04-13 15:42:57, EXEC, v:1, k:ed@labirinto, mode:FULL, size:76, fail:COMP
2026-04-13 15:43:00, MOVE, v:1, k:ed@labirinto, mode:BACK
2026-04-13 15:43:01, MOVE, v:1, k:ed@eh_primo, mode:PICK
2026-04-13 15:43:03, EXEC, v:1, k:ed@eh_primo, mode:FULL, rate:100, size:29
2026-04-13 15:43:06, MOVE, v:1, k:ed@eh_primo, mode:BACK
2026-04-13 15:46:17, MOVE, v:1, k:eval1@baruel, mode:DOWN
2026-04-13 15:46:19, MOVE, v:1, k:eval1@baruel, mode:PICK
2026-04-13 15:46:23, EXEC, v:1, k:eval1@baruel, mode:FULL, rate:0, size:5
2026-04-13 15:46:26, MOVE, v:1, k:eval1@baruel, mode:BACK
2026-04-13 15:52:46, MOVE, v:1, k:eval1@baruel, mode:EDIT
2026-04-13 15:49:24, MOVE, v:1, k:ed@baruel, mode:EDIT
2026-04-13 15:57:40, MOVE, v:1, k:eval1@baruel, mode:EDIT
2026-04-13 15:57:54, MOVE, v:1, k:eval1@baruel, mode:PICK
2026-04-13 15:57:59, EXEC, v:1, k:eval1@baruel, mode:FULL, rate:0, size:31
2026-04-13 15:58:58, EXEC, v:1, k:eval1@baruel, mode:FULL, rate:0, size:33
2026-04-13 15:59:23, EXEC, v:1, k:eval1@baruel, mode:FULL, rate:0, size:34
2026-04-13 15:59:26, MOVE, v:1, k:eval1@baruel, mode:BACK
2026-04-13 16:07:16, MOVE, v:1, k:eval1@baruel, mode:PICK
2026-04-13 16:07:18, EXEC, v:1, k:eval1@baruel, mode:FULL, rate:0, size:55
2026-04-13 16:08:53, EXEC, v:1, k:eval1@baruel, mode:FULL, rate:0, size:58
2026-04-13 16:09:44, EXEC, v:1, k:eval1@baruel, mode:FULL, rate:0, size:60
2026-04-13 16:10:33, EXEC, v:1, k:eval1@baruel, mode:FULL, rate:50, size:65
2026-04-13 16:11:08, EXEC, v:1, k:eval1@baruel, mode:FULL, rate:100, size:64
2026-04-13 16:11:10, MOVE, v:1, k:eval1@baruel, mode:BACK
2026-04-13 16:11:16, MOVE, v:1, k:eval1@apagando, mode:DOWN
2026-04-13 16:11:18, MOVE, v:1, k:eval1@apagando, mode:PICK
2026-04-13 16:11:19, EXEC, v:1, k:eval1@apagando, mode:FULL, size:4, fail:COMP
2026-04-13 16:11:08, MOVE, v:1, k:eval1@baruel, mode:EDIT
2026-04-13 16:11:02, MOVE, v:1, k:eval1@baruel, mode:EDIT
2026-04-13 16:11:16, MOVE, v:1, k:eval1@apagando, mode:EDIT
2026-04-13 16:11:16, MOVE, v:1, k:eval1@apagando, mode:EDIT
2026-04-13 16:11:16, MOVE, v:1, k:eval1@apagando, mode:EDIT
2026-04-13 16:17:06, MOVE, v:1, k:eval1@apagando, mode:EDIT
2026-04-13 16:22:14, MOVE, v:1, k:eval1@apagando, mode:EDIT
2026-04-13 16:19:28, MOVE, v:1, k:ed@apagando, mode:EDIT
2026-04-13 16:24:00, EXEC, v:1, k:eval1@apagando, mode:FULL, rate:0, size:33
2026-04-13 16:24:08, MOVE, v:1, k:eval1@apagando, mode:BACK
2026-04-13 16:24:10, MOVE, v:1, k:eval1@apagando, mode:PICK
2026-04-13 16:24:11, EXEC, v:1, k:eval1@apagando, mode:FULL, rate:0
2026-04-13 16:25:06, EXEC, v:1, k:eval1@apagando, mode:FULL, rate:0
2026-04-13 16:25:15, MOVE, v:1, k:eval1@apagando, mode:BACK
2026-04-13 16:26:00, MOVE, v:1, k:eval1@apagando, mode:PICK
2026-04-13 16:26:03, EXEC, v:1, k:eval1@apagando, mode:FULL, rate:0, size:33
2026-04-13 16:26:36, EXEC, v:1, k:eval1@apagando, mode:FULL, rate:0, size:33
2026-04-13 16:29:04, EXEC, v:1, k:eval1@apagando, mode:FULL, rate:0
2026-04-13 16:30:09, EXEC, v:1, k:eval1@apagando, mode:FULL, rate:0, size:33
2026-04-13 16:30:08, MOVE, v:1, k:eval1@apagando, mode:EDIT
2026-04-13 16:30:55, MOVE, v:1, k:eval1@apagando, mode:EDIT
2026-04-13 16:31:33, EXEC, v:1, k:eval1@apagando, mode:FULL, rate:0, size:37
2026-04-13 16:32:54, EXEC, v:1, k:eval1@apagando, mode:FULL, rate:0, size:44
2026-04-13 16:33:34, EXEC, v:1, k:eval1@apagando, mode:FULL, rate:0, size:36
2026-04-13 16:34:54, EXEC, v:1, k:eval1@apagando, mode:FULL, rate:0, size:32
2026-04-13 16:35:47, MOVE, v:1, k:eval1@apagando, mode:EDIT
2026-04-13 16:34:53, MOVE, v:1, k:eval1@apagando, mode:EDIT
2026-04-13 16:36:23, EXEC, v:1, k:eval1@apagando, mode:FULL, rate:0, size:38
2026-04-13 16:37:23, EXEC, v:1, k:eval1@apagando, mode:FULL, rate:0, size:36
2026-04-13 16:37:30, EXEC, v:1, k:eval1@apagando, mode:FULL, rate:0
2026-04-13 16:38:22, EXEC, v:1, k:eval1@apagando, mode:FULL, rate:0, size:36
2026-04-13 16:38:49, EXEC, v:1, k:eval1@apagando, mode:FULL, rate:0, size:35
2026-04-13 16:39:56, EXEC, v:1, k:eval1@apagando, mode:FULL, rate:0, size:38
2026-04-13 16:40:58, EXEC, v:1, k:eval1@apagando, mode:FULL, rate:0, size:35
2026-04-13 16:40:51, MOVE, v:1, k:eval1@apagando, mode:EDIT
2026-04-13 16:40:58, MOVE, v:1, k:eval1@apagando, mode:EDIT
2026-04-13 16:41:12, EXEC, v:1, k:eval1@apagando, mode:FULL, rate:100, size:40
2026-04-13 16:41:30, MOVE, v:1, k:eval1@apagando, mode:BACK
2026-04-13 16:41:36, MOVE, v:1, k:eval1@baruel, mode:PICK
2026-04-13 16:41:38, EXEC, v:1, k:eval1@baruel, mode:FULL, rate:100
2026-04-13 16:41:38, MOVE, v:1, k:eval1@baruel, mode:BACK
2026-04-13 16:41:39, MOVE, v:1, k:eval1@apagando, mode:PICK
2026-04-13 16:41:42, EXEC, v:1, k:eval1@apagando, mode:FULL, rate:100
2026-04-13 16:41:42, MOVE, v:1, k:eval1@apagando, mode:BACK
2026-04-13 16:41:58, MOVE, v:1, k:eval1@casais, mode:DOWN
2026-04-13 16:42:05, MOVE, v:1, k:eval1@casais, mode:PICK
2026-04-13 16:42:08, EXEC, v:1, k:eval1@casais, mode:FULL, rate:0, size:5
2026-04-13 16:43:33, MOVE, v:1, k:eval1@casais, mode:BACK
2026-04-13 16:43:35, MOVE, v:1, k:eval1@triangulo, mode:DOWN
2026-04-13 16:43:36, MOVE, v:1, k:eval1@triangulo, mode:PICK
2026-04-13 16:43:39, EXEC, v:1, k:eval1@triangulo, mode:FULL, rate:0, size:47
2026-04-13 16:43:47, MOVE, v:1, k:eval1@triangulo, mode:BACK
