2026-07-08 00:11:26, EXEC, v:1, k:ed@balanceada, mode:FULL, fail:COMP
2026-07-08 00:27:26, EXEC, v:1, k:ed@balanceada, mode:FULL, fail:COMP
2026-07-08 00:37:59, EXEC, v:1, k:ed@balanceada, mode:FULL, fail:COMP
2026-07-08 00:37:58, MOVE, v:1, k:ed@balanceada, mode:EDIT
2026-07-08 00:37:59, MOVE, v:1, k:ed@balanceada, mode:EDIT
2026-07-08 00:42:37, MOVE, v:1, k:ed@inverter, mode:EDIT
2026-07-08 00:43:18, MOVE, v:1, k:ed@balanceada, mode:EDIT
2026-07-08 00:48:18, MOVE, v:1, k:ed@balanceada, mode:EDIT
2026-07-08 00:49:36, EXEC, v:1, k:ed@balanceada, mode:FULL, rate:100, size:54
2026-07-08 00:49:42, MOVE, v:1, k:ed@balanceada, mode:BACK
2026-07-08 00:49:58, SELF, v:1, k:ed@balanceada, self:1, rate:100, study:120
2026-07-08 00:50:59, MOVE, v:1, k:ed@queimando, mode:DOWN
2026-07-08 00:50:59, MOVE, v:1, k:ed@queimando, mode:PICK
2026-07-08 00:51:00, EXEC, v:1, k:ed@queimando, mode:FULL, size:77, fail:COMP
2026-07-08 00:51:01, EXEC, v:1, k:ed@queimando, mode:FULL, fail:COMP
2026-07-08 00:51:35, MOVE, v:1, k:ed@queimando, mode:BACK
2026-07-08 00:53:45, MOVE, v:1, k:ed@queimando, mode:PICK
2026-07-08 00:53:46, EXEC, v:1, k:ed@queimando, mode:FULL, fail:COMP
2026-07-08 00:58:33, MOVE, v:1, k:ed@queimando, mode:EDIT
2026-07-08 01:03:39, MOVE, v:1, k:ed@queimando, mode:PICK
2026-07-08 01:04:04, MOVE, v:1, k:ed@pilhado, mode:PICK
2026-07-08 01:04:08, EXEC, v:1, k:ed@pilhado, mode:FULL, rate:100
2026-07-08 01:04:09, MOVE, v:1, k:ed@pilhado, mode:BACK
2026-07-08 01:04:14, MOVE, v:1, k:ed@queimando, mode:PICK
2026-07-08 01:04:16, EXEC, v:1, k:ed@queimando, mode:FULL, rate:100, size:95
2026-07-08 01:04:18, MOVE, v:1, k:ed@queimando, mode:BACK
2026-07-08 01:04:23, SELF, v:1, k:ed@queimando, self:1, rate:100, study:12
2026-07-08 01:05:03, MOVE, v:1, k:ed@compare, mode:DOWN
2026-07-08 01:05:03, MOVE, v:1, k:ed@compare, mode:PICK
2026-07-08 01:05:05, EXEC, v:1, k:ed@compare, mode:FULL, rate:25, size:83
2026-07-08 01:04:04, MOVE, v:1, k:ed@pilhado, mode:EDIT
2026-07-08 01:04:05, MOVE, v:1, k:ed@pilhado, mode:EDIT
2026-07-08 01:04:07, MOVE, v:1, k:ed@pilhado, mode:EDIT
2026-07-08 01:04:15, MOVE, v:1, k:ed@queimando, mode:EDIT
2026-07-08 01:05:03, MOVE, v:1, k:ed@compare, mode:EDIT
2026-07-08 01:05:29, MOVE, v:1, k:ed@compare, mode:EDIT
2026-07-08 01:05:04, MOVE, v:1, k:ed@compare, mode:EDIT
2026-07-08 01:19:19, EXEC, v:1, k:ed@compare, mode:FULL, rate:25
2026-07-08 01:19:21, EXEC, v:1, k:ed@compare, mode:FULL, rate:25
2026-07-08 01:19:20, MOVE, v:1, k:ed@compare, mode:EDIT
2026-07-08 01:27:33, EXEC, v:1, k:ed@compare, mode:FULL, rate:25
2026-07-08 01:27:33, MOVE, v:1, k:ed@compare, mode:EDIT
2026-07-08 01:38:09, EXEC, v:1, k:ed@compare, mode:FULL, rate:25
2026-07-08 01:38:18, MOVE, v:1, k:ed@compare, mode:BACK
2026-07-08 01:38:30, MOVE, v:1, k:ed@compare, mode:PICK
2026-07-08 01:38:31, EXEC, v:1, k:ed@compare, mode:FULL, size:83, fail:COMP
2026-07-08 10:04:46, MOVE, v:1, k:ed@compare, mode:PICK
2026-07-08 10:05:07, EXEC, v:1, k:ed@compare, mode:FULL, fail:COMP
2026-07-08 10:04:46, MOVE, v:1, k:ed@compare, mode:EDIT
2026-07-08 10:05:04, MOVE, v:1, k:ed@compare, mode:EDIT
2026-07-08 10:09:48, MOVE, v:1, k:ed@compare, mode:BACK
2026-07-08 10:11:36, MOVE, v:1, k:ed@compare, mode:PICK
2026-07-08 10:11:44, EXEC, v:1, k:ed@compare, mode:FULL, rate:25, size:83
2026-07-08 10:11:42, MOVE, v:1, k:ed@compare, mode:EDIT
2026-07-08 10:16:33, MOVE, v:1, k:ed@compare, mode:EDIT
2026-07-08 10:16:41, EXEC, v:1, k:ed@compare, mode:FULL, rate:100, size:102
2026-07-08 10:16:48, MOVE, v:1, k:ed@compare, mode:BACK
2026-07-08 10:16:57, SELF, v:1, k:ed@compare, self:1, rate:100, study:50
2026-07-08 10:17:19, SELF, v:1, k:ed@serial, self:1, rate:100, concept:1, problem:1, debug:1, refactor:1
2026-07-08 10:17:46, SELF, v:1, k:ed@serial, self:1, rate:100
2026-07-08 10:17:54, MOVE, v:1, k:ed@altura, mode:DOWN
2026-07-08 10:17:54, MOVE, v:1, k:ed@altura, mode:PICK
2026-07-08 10:18:19, EXEC, v:1, k:ed@altura, mode:FULL, rate:0, size:108
2026-07-08 10:18:23, MOVE, v:1, k:ed@altura, mode:BACK
2026-07-08 10:19:13, MOVE, v:1, k:ed@altura, mode:PICK
2026-07-08 10:19:27, EXEC, v:1, k:ed@altura, mode:FULL, rate:0
2026-07-08 10:21:59, EXEC, v:1, k:ed@altura, mode:FULL, rate:0, size:115
2026-07-08 10:22:24, EXEC, v:1, k:ed@altura, mode:FULL, rate:0, size:115
2026-07-08 10:24:12, EXEC, v:1, k:ed@altura, mode:FULL, rate:0, size:122
2026-07-08 10:24:11, MOVE, v:1, k:ed@altura, mode:EDIT
2026-07-08 10:23:51, MOVE, v:1, k:ed@altura, mode:EDIT
2026-07-08 10:24:58, EXEC, v:1, k:ed@altura, mode:FULL, rate:0, size:122
2026-07-08 10:25:02, EXEC, v:1, k:ed@altura, mode:FULL, rate:0
2026-07-08 10:26:40, MOVE, v:1, k:ed@altura, mode:EDIT
2026-07-08 10:25:01, MOVE, v:1, k:ed@altura, mode:EDIT
2026-07-08 10:39:06, MOVE, v:1, k:ed@altura, mode:EDIT
2026-07-08 10:39:08, MOVE, v:1, k:ed@altura, mode:EDIT
2026-07-08 10:39:28, EXEC, v:1, k:ed@altura, mode:FULL, size:131, fail:COMP
2026-07-08 10:39:33, EXEC, v:1, k:ed@altura, mode:FULL, fail:COMP
2026-07-08 10:42:06, EXEC, v:1, k:ed@altura, mode:FULL, size:131, fail:COMP
2026-07-08 10:39:40, MOVE, v:1, k:ed@altura, mode:EDIT
2026-07-08 10:55:27, EXEC, v:1, k:ed@altura, mode:FULL, fail:COMP
2026-07-08 10:55:38, EXEC, v:1, k:ed@altura, mode:FULL, rate:100, size:131
2026-07-08 10:55:39, MOVE, v:1, k:ed@altura, mode:BACK
2026-07-08 10:55:55, SELF, v:1, k:ed@altura, self:1, rate:100, study:40
2026-07-08 10:56:06, MOVE, v:1, k:ed@bst_insert, mode:DOWN
2026-07-08 10:56:07, MOVE, v:1, k:ed@bst_insert, mode:PICK
2026-07-08 10:56:09, EXEC, v:1, k:ed@bst_insert, mode:FULL, rate:0, size:65
2026-07-08 10:56:30, EXEC, v:1, k:ed@bst_insert, mode:FULL, rate:0
2026-07-08 10:56:30, MOVE, v:1, k:ed@bst_insert, mode:BACK
2026-07-08 10:57:34, MOVE, v:1, k:ed@bst_insert, mode:PICK
2026-07-08 10:57:34, EXEC, v:1, k:ed@bst_insert, mode:FULL, size:4, fail:COMP
2026-07-08 10:57:46, EXEC, v:1, k:ed@bst_insert, mode:FULL, rate:0, size:65
2026-07-08 10:57:41, MOVE, v:1, k:ed@bst_insert, mode:EDIT
2026-07-08 10:57:46, MOVE, v:1, k:ed@bst_insert, mode:EDIT
2026-07-08 11:05:24, EXEC, v:1, k:ed@bst_insert, mode:FULL, rate:0
2026-07-08 11:06:15, EXEC, v:1, k:ed@bst_insert, mode:FULL, rate:0
2026-07-08 11:05:20, MOVE, v:1, k:ed@bst_insert, mode:EDIT
2026-07-08 11:06:14, MOVE, v:1, k:ed@bst_insert, mode:EDIT
2026-07-08 11:09:43, EXEC, v:1, k:ed@bst_insert, mode:FULL, rate:0
2026-07-08 11:09:42, MOVE, v:1, k:ed@bst_insert, mode:EDIT
2026-07-08 11:20:36, EXEC, v:1, k:ed@bst_insert, mode:FULL, rate:0
2026-07-08 11:20:35, MOVE, v:1, k:ed@bst_insert, mode:EDIT
2026-07-08 11:24:03, EXEC, v:1, k:ed@bst_insert, mode:FULL, rate:0
2026-07-08 11:24:02, MOVE, v:1, k:ed@bst_insert, mode:EDIT
2026-07-08 11:29:50, EXEC, v:1, k:ed@bst_insert, mode:FULL, rate:0
2026-07-08 11:29:50, MOVE, v:1, k:ed@bst_insert, mode:EDIT
2026-07-08 11:37:13, EXEC, v:1, k:ed@bst_insert, mode:FULL, rate:0
2026-07-08 11:37:13, MOVE, v:1, k:ed@bst_insert, mode:EDIT
2026-07-08 11:45:24, EXEC, v:1, k:ed@bst_insert, mode:FULL, rate:0
2026-07-08 11:45:21, MOVE, v:1, k:ed@bst_insert, mode:EDIT
2026-07-08 11:45:23, MOVE, v:1, k:ed@bst_insert, mode:EDIT
2026-07-08 11:47:28, MOVE, v:1, k:ed@bst_insert, mode:EDIT
2026-07-08 11:49:48, EXEC, v:1, k:ed@bst_insert, mode:FULL, rate:100, size:81
2026-07-08 11:49:49, MOVE, v:1, k:ed@bst_insert, mode:BACK
2026-07-08 11:50:14, SELF, v:1, k:ed@bst_insert, self:1, rate:100, study:55
2026-07-08 11:50:46, MOVE, v:1, k:ed@soma, mode:DOWN
2026-07-08 11:50:47, MOVE, v:1, k:ed@soma, mode:PICK
2026-07-08 11:50:52, EXEC, v:1, k:ed@soma, mode:FULL, rate:0, size:83
2026-07-08 11:50:53, MOVE, v:1, k:ed@soma, mode:BACK
2026-07-08 11:51:17, MOVE, v:1, k:ed@bst_serial, mode:DOWN
2026-07-08 11:51:18, MOVE, v:1, k:ed@bst_serial, mode:PICK
2026-07-08 11:51:20, EXEC, v:1, k:ed@bst_serial, mode:FULL, rate:0, size:74
2026-07-08 11:50:46, MOVE, v:1, k:ed@soma, mode:EDIT
2026-07-08 11:50:46, MOVE, v:1, k:ed@soma, mode:EDIT
2026-07-08 11:50:51, MOVE, v:1, k:ed@soma, mode:EDIT
2026-07-08 11:51:17, MOVE, v:1, k:ed@bst_serial, mode:EDIT
2026-07-08 11:54:56, MOVE, v:1, k:ed@bst_serial, mode:EDIT
2026-07-08 11:51:19, MOVE, v:1, k:ed@bst_serial, mode:EDIT
2026-07-08 11:56:58, EXEC, v:1, k:ed@bst_serial, mode:FULL, rate:0, size:88
2026-07-08 11:59:52, MOVE, v:1, k:ed@bst_serial, mode:EDIT
2026-07-08 11:56:57, MOVE, v:1, k:ed@bst_serial, mode:EDIT
2026-07-08 12:00:07, EXEC, v:1, k:ed@bst_serial, mode:FULL, size:101, fail:COMP
2026-07-08 12:00:09, EXEC, v:1, k:ed@bst_serial, mode:FULL, fail:COMP
2026-07-08 12:00:29, EXEC, v:1, k:ed@bst_serial, mode:FULL, rate:100, size:100
2026-07-08 12:00:32, MOVE, v:1, k:ed@bst_serial, mode:BACK
2026-07-08 12:00:47, SELF, v:1, k:ed@bst_serial, self:1, rate:100, study:10
2026-07-08 12:01:38, MOVE, v:1, k:ed@soma, mode:PICK
2026-07-08 12:01:41, EXEC, v:1, k:ed@soma, mode:FULL, rate:0
2026-07-08 12:01:42, MOVE, v:1, k:ed@soma, mode:BACK
2026-07-08 12:02:20, MOVE, v:1, k:ed@soma, mode:PICK
2026-07-08 12:02:22, EXEC, v:1, k:ed@soma, mode:FULL, rate:0
2026-07-08 12:03:02, EXEC, v:1, k:ed@soma, mode:FULL, size:83, fail:COMP
2026-07-08 12:02:21, MOVE, v:1, k:ed@soma, mode:EDIT
2026-07-08 12:02:58, MOVE, v:1, k:ed@soma, mode:EDIT
2026-07-08 12:13:13, EXEC, v:1, k:ed@soma, mode:FULL, fail:COMP
2026-07-08 12:15:41, EXEC, v:1, k:ed@soma, mode:FULL, fail:COMP
2026-07-08 12:19:28, EXEC, v:1, k:ed@soma, mode:FULL, fail:COMP
2026-07-08 12:22:21, EXEC, v:1, k:ed@soma, mode:FULL, fail:COMP
2026-07-08 12:23:15, EXEC, v:1, k:ed@soma, mode:FULL, fail:COMP
2026-07-08 12:25:17, EXEC, v:1, k:ed@soma, mode:FULL, fail:COMP
2026-07-08 12:26:19, EXEC, v:1, k:ed@soma, mode:FULL, rate:0, size:83
2026-07-08 12:27:19, EXEC, v:1, k:ed@soma, mode:FULL, rate:42, size:86
2026-07-08 12:27:15, MOVE, v:1, k:ed@soma, mode:EDIT
2026-07-08 12:27:18, MOVE, v:1, k:ed@soma, mode:EDIT
2026-07-08 15:16:26, EXEC, v:1, k:ed@soma, mode:FULL, size:86, fail:COMP
2026-07-08 15:16:20, MOVE, v:1, k:ed@soma, mode:EDIT
2026-07-08 15:16:25, MOVE, v:1, k:ed@soma, mode:EDIT
2026-07-08 15:16:25, MOVE, v:1, k:ed@soma, mode:EDIT
2026-07-08 15:23:23, MOVE, v:1, k:ed@soma, mode:BACK
2026-07-08 15:23:41, MOVE, v:1, k:ed@soma, mode:PICK
2026-07-08 15:23:42, EXEC, v:1, k:ed@soma, mode:FULL, fail:COMP
2026-07-08 15:23:43, MOVE, v:1, k:ed@soma, mode:BACK
2026-07-08 15:23:45, MOVE, v:1, k:ed@soma, mode:PICK
2026-07-08 15:23:45, EXEC, v:1, k:ed@soma, mode:FULL, fail:COMP
2026-07-08 15:24:12, EXEC, v:1, k:ed@soma, mode:FULL, rate:42, size:86
2026-07-08 15:27:43, EXEC, v:1, k:ed@soma, mode:FULL, rate:100, size:102
2026-07-08 15:27:53, MOVE, v:1, k:ed@soma, mode:BACK
2026-07-08 15:28:06, SELF, v:1, k:ed@soma, self:1, rate:100, study:40
2026-07-08 15:29:00, MOVE, v:1, k:ed@longest, mode:DOWN
2026-07-08 15:29:01, MOVE, v:1, k:ed@longest, mode:PICK
2026-07-08 15:29:02, EXEC, v:1, k:ed@longest, mode:FULL, size:46, fail:COMP
2026-07-08 15:29:05, MOVE, v:1, k:ed@longest, mode:BACK
2026-07-08 15:30:47, MOVE, v:1, k:ed@longest, mode:PICK
2026-07-08 15:30:48, EXEC, v:1, k:ed@longest, mode:FULL, fail:COMP
2026-07-08 15:35:43, MOVE, v:1, k:ed@longest, mode:EDIT
2026-07-08 15:39:28, EXEC, v:1, k:ed@longest, mode:FULL, rate:66, size:90
2026-07-08 15:39:54, EXEC, v:1, k:ed@longest, mode:FULL, rate:66
2026-07-08 15:39:58, MOVE, v:1, k:ed@longest, mode:EDIT
2026-07-08 15:39:53, MOVE, v:1, k:ed@longest, mode:EDIT
2026-07-08 15:49:39, MOVE, v:1, k:ed@longest, mode:EDIT
2026-07-08 16:35:48, MOVE, v:1, k:ed@longest, mode:EDIT
2026-07-08 16:35:51, MOVE, v:1, k:ed@longest, mode:EDIT
2026-07-08 17:00:37, MOVE, v:1, k:ed@longest, mode:EDIT
2026-07-08 17:15:20, MOVE, v:1, k:ed@longest, mode:EDIT
2026-07-08 17:26:50, MOVE, v:1, k:ed@longest, mode:EDIT
2026-07-08 18:06:24, EXEC, v:1, k:ed@longest, mode:FULL, rate:100, size:90
2026-07-08 18:06:32, SELF, v:1, k:ed@longest, self:1, rate:100, study:120
2026-07-08 18:06:33, MOVE, v:1, k:ed@longest, mode:BACK
2026-07-08 18:07:55, MOVE, v:1, k:ed@detonate, mode:DOWN
2026-07-08 18:07:56, MOVE, v:1, k:ed@detonate, mode:PICK
2026-07-08 18:07:58, EXEC, v:1, k:ed@detonate, mode:FULL, rate:0, size:5
2026-07-08 18:07:55, MOVE, v:1, k:ed@detonate, mode:EDIT
2026-07-08 18:09:28, MOVE, v:1, k:ed@detonate, mode:EDIT
2026-07-08 18:07:57, MOVE, v:1, k:ed@detonate, mode:EDIT
2026-07-08 18:35:10, EXEC, v:1, k:ed@detonate, mode:FULL, rate:100, size:86
2026-07-08 18:35:11, MOVE, v:1, k:ed@detonate, mode:BACK
2026-07-08 18:35:22, SELF, v:1, k:ed@detonate, self:1, rate:100, study:40
2026-07-08 18:36:14, MOVE, v:1, k:ed@rotten, mode:DOWN
2026-07-08 18:36:14, MOVE, v:1, k:ed@rotten, mode:PICK
2026-07-08 18:36:16, EXEC, v:1, k:ed@rotten, mode:FULL, rate:0, size:5
2026-07-08 18:36:30, MOVE, v:1, k:ed@rotten, mode:BACK
2026-07-08 18:37:33, MOVE, v:1, k:ed@rotten, mode:PICK
2026-07-08 18:37:35, EXEC, v:1, k:ed@rotten, mode:FULL, rate:0, size:8
2026-07-08 18:42:13, MOVE, v:1, k:ed@rotten, mode:EDIT
2026-07-08 18:37:34, MOVE, v:1, k:ed@rotten, mode:EDIT
2026-07-08 18:42:53, MOVE, v:1, k:ed@rotten, mode:EDIT
2026-07-08 18:51:14, MOVE, v:1, k:ed@rotten, mode:EDIT
2026-07-08 18:57:17, MOVE, v:1, k:ed@rotten, mode:EDIT
2026-07-08 19:01:39, EXEC, v:1, k:ed@rotten, mode:FULL, rate:100, size:98
2026-07-08 19:01:44, MOVE, v:1, k:ed@rotten, mode:BACK
2026-07-08 19:01:56, SELF, v:1, k:ed@rotten, self:1, rate:100, study:25
2026-07-08 19:02:18, MOVE, v:1, k:ed@dfs_read, mode:DOWN
2026-07-08 19:02:19, MOVE, v:1, k:ed@dfs_read, mode:PICK
2026-07-08 19:02:21, EXEC, v:1, k:ed@dfs_read, mode:LOCK, rate:0, size:5
2026-07-08 19:03:08, EXEC, v:1, k:ed@dfs_read, mode:LOCK, rate:0
2026-07-08 19:03:12, MOVE, v:1, k:ed@dfs_read, mode:BACK
2026-07-08 19:03:14, MOVE, v:1, k:ed@ilhas, mode:DOWN
2026-07-08 19:03:14, MOVE, v:1, k:ed@ilhas, mode:PICK
2026-07-08 19:03:15, EXEC, v:1, k:ed@ilhas, mode:FULL, size:31, fail:COMP
2026-07-08 19:03:45, MOVE, v:1, k:ed@ilhas, mode:BACK
2026-07-08 19:04:26, MOVE, v:1, k:ed@ilhas, mode:PICK
2026-07-08 19:04:27, EXEC, v:1, k:ed@ilhas, mode:FULL, fail:COMP
2026-07-08 19:09:20, MOVE, v:1, k:ed@ilhas, mode:EDIT
2026-07-08 19:11:18, EXEC, v:1, k:ed@ilhas, mode:FULL, rate:100, size:59
2026-07-08 19:11:25, MOVE, v:1, k:ed@ilhas, mode:BACK
2026-07-08 19:11:42, SELF, v:1, k:ed@ilhas, self:1, rate:100, study:8
