2026-04-23 01:52:08, MOVE, v:1, k:ed@triangulo, mode:PICK
2026-04-23 01:52:09, MOVE, v:1, k:ed@triangulo, mode:BACK
2026-04-23 01:52:26, MOVE, v:1, k:ed@vetbuild, mode:DOWN
2026-04-23 01:52:28, MOVE, v:1, k:ed@vetbuild, mode:PICK
2026-04-23 01:52:29, EXEC, v:1, k:ed@vetbuild, mode:FULL, size:130, fail:COMP
2026-04-23 01:52:31, MOVE, v:1, k:ed@vetbuild, mode:BACK
2026-04-23 01:52:34, MOVE, v:1, k:ed@vetbuild, mode:PICK
2026-04-23 01:52:34, EXEC, v:1, k:ed@vetbuild, mode:FULL, fail:COMP
2026-04-23 01:52:08, MOVE, v:1, k:ed@triangulo, mode:EDIT
2026-04-23 01:52:08, MOVE, v:1, k:ed@triangulo, mode:EDIT
2026-04-23 01:52:26, MOVE, v:1, k:ed@vetbuild, mode:EDIT
2026-04-23 01:52:26, MOVE, v:1, k:ed@vetbuild, mode:EDIT
2026-04-23 01:52:26, MOVE, v:1, k:ed@vetbuild, mode:EDIT
2026-04-23 01:52:26, MOVE, v:1, k:ed@vetbuild, mode:EDIT
2026-04-23 02:01:13, MOVE, v:1, k:ed@vetbuild, mode:EDIT
2026-04-23 02:03:56, EXEC, v:1, k:ed@vetbuild, mode:FULL, rate:0, size:131
2026-04-23 02:04:49, MOVE, v:1, k:ed@vetbuild, mode:EDIT
2026-04-23 02:03:56, MOVE, v:1, k:ed@vetbuild, mode:EDIT
2026-04-23 02:11:16, MOVE, v:1, k:ed@vetbuild, mode:EDIT
2026-04-23 02:16:15, MOVE, v:1, k:ed@vetbuild, mode:EDIT
2026-04-23 02:16:58, EXEC, v:1, k:ed@vetbuild, mode:FULL, rate:0, size:133
2026-04-23 02:17:25, EXEC, v:1, k:ed@vetbuild, mode:FULL, rate:0, size:133
2026-04-23 02:18:10, EXEC, v:1, k:ed@vetbuild, mode:FULL, rate:0, size:133
2026-04-23 02:18:29, EXEC, v:1, k:ed@vetbuild, mode:FULL, rate:0, size:133
2026-04-23 02:18:44, EXEC, v:1, k:ed@vetbuild, mode:FULL, rate:0, size:133
2026-04-23 02:20:14, EXEC, v:1, k:ed@vetbuild, mode:FULL, rate:0, size:134
2026-04-23 02:20:34, EXEC, v:1, k:ed@vetbuild, mode:FULL, rate:0, size:134
2026-04-23 02:21:18, MOVE, v:1, k:ed@vetbuild, mode:EDIT
2026-04-23 02:20:33, MOVE, v:1, k:ed@vetbuild, mode:EDIT
2026-04-23 02:21:23, EXEC, v:1, k:ed@vetbuild, mode:FULL, rate:0, size:137
2026-04-23 02:21:22, MOVE, v:1, k:ed@vetbuild, mode:EDIT
2026-04-23 02:26:17, MOVE, v:1, k:ed@vetbuild, mode:EDIT
2026-04-23 02:28:58, EXEC, v:1, k:ed@vetbuild, mode:FULL, rate:18, size:139
2026-04-23 02:28:53, MOVE, v:1, k:ed@vetbuild, mode:EDIT
2026-04-23 02:28:57, MOVE, v:1, k:ed@vetbuild, mode:EDIT
2026-04-23 02:36:13, MOVE, v:1, k:ed@vetbuild, mode:EDIT
2026-04-23 02:38:16, EXEC, v:1, k:ed@vetbuild, mode:FULL, rate:9, size:151
2026-04-23 02:40:47, MOVE, v:1, k:ed@vetbuild, mode:PICK
2026-04-23 02:40:57, MOVE, v:1, k:ed@vetbuild, mode:PICK
2026-04-23 02:41:40, MOVE, v:1, k:ed@vetbuild, mode:PICK
2026-04-23 02:41:44, EXEC, v:1, k:ed@vetbuild, mode:FULL, rate:9, size:151
2026-04-23 02:42:54, EXEC, v:1, k:ed@vetbuild, mode:FULL, rate:9, size:147
2026-04-23 02:43:06, MOVE, v:1, k:ed@vetbuild, mode:EDIT
2026-04-23 02:42:53, MOVE, v:1, k:ed@vetbuild, mode:EDIT
2026-04-23 02:50:49, MOVE, v:1, k:ed@vetbuild, mode:EDIT
2026-04-23 02:52:37, EXEC, v:1, k:ed@vetbuild, mode:FULL, rate:9, size:161
2026-04-23 02:55:13, EXEC, v:1, k:ed@vetbuild, mode:FULL, rate:18, size:161
2026-04-23 02:54:53, MOVE, v:1, k:ed@vetbuild, mode:EDIT
2026-04-23 02:52:36, MOVE, v:1, k:ed@vetbuild, mode:EDIT
2026-04-23 02:52:36, MOVE, v:1, k:ed@vetbuild, mode:EDIT
2026-04-23 02:55:12, MOVE, v:1, k:ed@vetbuild, mode:EDIT
2026-04-23 03:00:15, EXEC, v:1, k:ed@vetbuild, mode:FULL, rate:18, size:162
2026-04-23 03:00:44, EXEC, v:1, k:ed@vetbuild, mode:FULL, rate:18, size:162
2026-04-23 03:00:40, MOVE, v:1, k:ed@vetbuild, mode:EDIT
2026-04-23 03:00:44, MOVE, v:1, k:ed@vetbuild, mode:EDIT
2026-04-23 03:03:48, EXEC, v:1, k:ed@vetbuild, mode:FULL, rate:18, size:166
2026-04-23 03:06:02, MOVE, v:1, k:ed@vetbuild, mode:EDIT
2026-04-23 03:03:48, MOVE, v:1, k:ed@vetbuild, mode:EDIT
2026-04-23 03:06:06, EXEC, v:1, k:ed@vetbuild, mode:FULL, rate:18, size:159
2026-04-23 03:06:40, EXEC, v:1, k:ed@vetbuild, mode:FULL, rate:18, size:166
2026-04-23 03:07:46, EXEC, v:1, k:ed@vetbuild, mode:FULL, rate:18, size:170
2026-04-23 03:08:25, EXEC, v:1, k:ed@vetbuild, mode:FULL, rate:18, size:170
2026-04-23 03:09:19, EXEC, v:1, k:ed@vetbuild, mode:FULL, rate:27, size:167
2026-04-23 03:09:18, MOVE, v:1, k:ed@vetbuild, mode:EDIT
2026-04-23 03:11:03, MOVE, v:1, k:ed@vetbuild, mode:EDIT
2026-04-23 03:12:26, EXEC, v:1, k:ed@vetbuild, mode:FULL, rate:27, size:170
2026-04-23 03:14:38, EXEC, v:1, k:ed@vetbuild, mode:FULL, rate:36, size:167
2026-04-23 03:16:04, MOVE, v:1, k:ed@vetbuild, mode:EDIT
2026-04-23 03:14:37, MOVE, v:1, k:ed@vetbuild, mode:EDIT
2026-04-23 03:16:16, EXEC, v:1, k:ed@vetbuild, mode:FULL, rate:45, size:171
2026-04-23 03:17:22, EXEC, v:1, k:ed@vetbuild, mode:FULL, rate:45, size:166
2026-04-23 03:18:35, EXEC, v:1, k:ed@vetbuild, mode:FULL, rate:45, size:170
2026-04-23 03:18:57, EXEC, v:1, k:ed@vetbuild, mode:FULL, rate:54, size:170
2026-04-23 03:18:57, MOVE, v:1, k:ed@vetbuild, mode:EDIT
2026-04-23 03:18:54, MOVE, v:1, k:ed@vetbuild, mode:EDIT
2026-04-23 03:22:44, EXEC, v:1, k:ed@vetbuild, mode:FULL, rate:54, size:174
2026-04-23 03:25:44, EXEC, v:1, k:ed@vetbuild, mode:FULL, rate:54, size:176
2026-04-23 03:25:39, MOVE, v:1, k:ed@vetbuild, mode:EDIT
2026-04-23 03:25:43, MOVE, v:1, k:ed@vetbuild, mode:EDIT
2026-04-23 03:26:40, EXEC, v:1, k:ed@vetbuild, mode:FULL, rate:63, size:176
2026-04-23 03:29:58, EXEC, v:1, k:ed@vetbuild, mode:FULL, rate:63, size:184
2026-04-23 03:30:31, EXEC, v:1, k:ed@vetbuild, mode:FULL, rate:63, size:180
2026-04-23 03:30:58, MOVE, v:1, k:ed@vetbuild, mode:EDIT
2026-04-23 03:30:30, MOVE, v:1, k:ed@vetbuild, mode:EDIT
2026-04-23 03:31:19, EXEC, v:1, k:ed@vetbuild, mode:FULL, rate:63, size:181
2026-04-23 03:31:55, EXEC, v:1, k:ed@vetbuild, mode:FULL, rate:63, size:177
2026-04-23 03:33:23, EXEC, v:1, k:ed@vetbuild, mode:FULL, rate:63, size:182
2026-04-23 03:34:34, EXEC, v:1, k:ed@vetbuild, mode:FULL, rate:63, size:183
2026-04-23 03:35:21, EXEC, v:1, k:ed@vetbuild, mode:FULL, rate:63, size:185
2026-04-23 03:35:43, EXEC, v:1, k:ed@vetbuild, mode:FULL, rate:63, size:183
2026-04-23 03:35:39, MOVE, v:1, k:ed@vetbuild, mode:EDIT
2026-04-23 03:35:42, MOVE, v:1, k:ed@vetbuild, mode:EDIT
2026-04-23 03:38:51, EXEC, v:1, k:ed@vetbuild, mode:FULL, rate:63, size:191
2026-04-23 03:39:26, EXEC, v:1, k:ed@vetbuild, mode:FULL, rate:63, size:191
2026-04-23 03:40:06, MOVE, v:1, k:ed@vetbuild, mode:EDIT
2026-04-23 03:39:25, MOVE, v:1, k:ed@vetbuild, mode:EDIT
2026-04-23 03:42:37, EXEC, v:1, k:ed@vetbuild, mode:FULL, rate:63, size:189
2026-04-23 03:44:01, EXEC, v:1, k:ed@vetbuild, mode:FULL, rate:63, size:195
2026-04-23 03:44:40, EXEC, v:1, k:ed@vetbuild, mode:FULL, rate:63, size:192
2026-04-23 03:45:00, EXEC, v:1, k:ed@vetbuild, mode:FULL, rate:72, size:192
2026-04-23 03:45:04, MOVE, v:1, k:ed@vetbuild, mode:EDIT
2026-04-23 03:44:59, MOVE, v:1, k:ed@vetbuild, mode:EDIT
2026-04-23 03:48:18, EXEC, v:1, k:ed@vetbuild, mode:FULL, rate:72, size:191
2026-04-23 03:50:40, MOVE, v:1, k:ed@vetbuild, mode:EDIT
2026-04-23 03:48:18, MOVE, v:1, k:ed@vetbuild, mode:EDIT
2026-04-23 03:56:07, MOVE, v:1, k:ed@vetbuild, mode:EDIT
2026-04-23 03:58:50, EXEC, v:1, k:ed@vetbuild, mode:FULL, rate:54, size:203
2026-04-23 04:00:49, EXEC, v:1, k:ed@vetbuild, mode:FULL, rate:90, size:210
2026-04-23 04:01:07, EXEC, v:1, k:ed@vetbuild, mode:FULL, rate:90, size:207
2026-04-23 04:01:04, MOVE, v:1, k:ed@vetbuild, mode:EDIT
2026-04-23 03:58:49, MOVE, v:1, k:ed@vetbuild, mode:EDIT
2026-04-23 03:58:49, MOVE, v:1, k:ed@vetbuild, mode:EDIT
2026-04-23 04:01:06, MOVE, v:1, k:ed@vetbuild, mode:EDIT
2026-04-23 04:02:23, EXEC, v:1, k:ed@vetbuild, mode:FULL, rate:72, size:197
2026-04-23 04:02:42, EXEC, v:1, k:ed@vetbuild, mode:FULL, rate:81, size:197
2026-04-23 04:03:31, EXEC, v:1, k:ed@vetbuild, mode:FULL, rate:90, size:204
2026-04-23 04:03:58, EXEC, v:1, k:ed@vetbuild, mode:FULL, rate:90, size:203
2026-04-23 04:04:28, EXEC, v:1, k:ed@vetbuild, mode:FULL, rate:81, size:197
2026-04-23 04:04:59, EXEC, v:1, k:ed@vetbuild, mode:FULL, rate:72, size:197
2026-04-23 04:05:56, EXEC, v:1, k:ed@vetbuild, mode:FULL, rate:90, size:199
2026-04-23 04:06:07, MOVE, v:1, k:ed@vetbuild, mode:EDIT
2026-04-23 04:05:56, MOVE, v:1, k:ed@vetbuild, mode:EDIT
2026-04-23 04:11:09, MOVE, v:1, k:ed@vetbuild, mode:EDIT
2026-04-23 04:11:26, EXEC, v:1, k:ed@vetbuild, mode:FULL, rate:90, size:205
2026-04-23 04:11:54, EXEC, v:1, k:ed@vetbuild, mode:FULL, rate:90, size:206
2026-04-23 04:13:27, EXEC, v:1, k:ed@vetbuild, mode:FULL, rate:90, size:209
2026-04-23 04:13:49, EXEC, v:1, k:ed@vetbuild, mode:FULL, rate:90, size:209
2026-04-23 04:15:23, EXEC, v:1, k:ed@vetbuild, mode:FULL, rate:90, size:207
2026-04-23 04:16:02, MOVE, v:1, k:ed@vetbuild, mode:EDIT
2026-04-23 04:15:22, MOVE, v:1, k:ed@vetbuild, mode:EDIT
2026-04-23 04:16:20, EXEC, v:1, k:ed@vetbuild, mode:FULL, rate:90, size:209
2026-04-23 04:19:10, EXEC, v:1, k:ed@vetbuild, mode:FULL, rate:100, size:210
2026-04-23 04:19:15, MOVE, v:1, k:ed@vetbuild, mode:BACK
2026-04-23 04:19:22, MOVE, v:1, k:ed@vetbuild, mode:PICK
2026-04-23 04:19:24, EXEC, v:1, k:ed@vetbuild, mode:FULL, rate:100
2026-04-23 04:19:26, MOVE, v:1, k:ed@vetbuild, mode:BACK
2026-04-23 04:19:37, SELF, v:1, k:ed@vetbuild, self:1, rate:100, study:160
2026-04-23 04:20:41, MOVE, v:1, k:ed@vetbuild, mode:PICK
2026-04-23 04:20:43, EXEC, v:1, k:ed@vetbuild, mode:FULL, rate:100
2026-04-23 04:22:41, EXEC, v:1, k:ed@vetbuild, mode:FULL, rate:0, size:153
2026-04-23 04:22:58, EXEC, v:1, k:ed@vetbuild, mode:FULL, rate:100, size:210
2026-04-23 04:23:00, MOVE, v:1, k:ed@vetbuild, mode:BACK
2026-04-23 04:23:03, MOVE, v:1, k:ed@setbuild, mode:DOWN
2026-04-23 04:23:10, MOVE, v:1, k:ed@setbuild, mode:PICK
2026-04-23 04:23:12, EXEC, v:1, k:ed@setbuild, mode:FULL, rate:0, size:45
2026-04-23 04:23:15, MOVE, v:1, k:ed@setbuild, mode:BACK
2026-04-23 04:23:17, MOVE, v:1, k:ed@setbuild, mode:PICK
2026-04-23 04:22:57, MOVE, v:1, k:ed@vetbuild, mode:EDIT
2026-04-23 04:22:54, MOVE, v:1, k:ed@vetbuild, mode:EDIT
2026-04-23 04:23:03, MOVE, v:1, k:ed@setbuild, mode:EDIT
2026-04-23 04:23:03, MOVE, v:1, k:ed@setbuild, mode:EDIT
2026-04-23 04:23:03, MOVE, v:1, k:ed@setbuild, mode:EDIT
2026-04-23 04:23:03, MOVE, v:1, k:ed@setbuild, mode:EDIT
2026-04-23 04:23:11, MOVE, v:1, k:ed@setbuild, mode:EDIT
2026-04-23 04:53:47, EXEC, v:1, k:ed@setbuild, mode:FULL, rate:0
2026-04-23 04:53:48, EXEC, v:1, k:ed@setbuild, mode:FULL, rate:0
2026-04-23 04:55:20, MOVE, v:1, k:ed@setbuild, mode:EDIT
2026-04-23 04:53:47, MOVE, v:1, k:ed@setbuild, mode:EDIT
2026-04-23 04:59:58, MOVE, v:1, k:ed@setbuild, mode:EDIT
2026-04-23 05:04:29, EXEC, v:1, k:ed@setbuild, mode:FULL, size:64, fail:COMP
2026-04-23 05:05:34, MOVE, v:1, k:ed@setbuild, mode:EDIT
2026-04-23 05:10:32, MOVE, v:1, k:ed@setbuild, mode:EDIT
2026-04-23 05:12:45, EXEC, v:1, k:ed@setbuild, mode:FULL, rate:0, size:78
2026-04-23 05:15:26, MOVE, v:1, k:ed@setbuild, mode:EDIT
2026-04-23 05:12:44, MOVE, v:1, k:ed@setbuild, mode:EDIT
2026-04-23 05:16:04, EXEC, v:1, k:ed@setbuild, mode:FULL, rate:0, size:95
2026-04-23 05:17:40, EXEC, v:1, k:ed@setbuild, mode:FULL, rate:0, size:114
2026-04-23 05:19:30, EXEC, v:1, k:ed@setbuild, mode:FULL, rate:66, size:122
2026-04-23 05:20:35, EXEC, v:1, k:ed@setbuild, mode:FULL, rate:66, size:132
2026-04-23 05:20:31, MOVE, v:1, k:ed@setbuild, mode:EDIT
2026-04-23 05:20:34, MOVE, v:1, k:ed@setbuild, mode:EDIT
2026-04-23 05:22:46, EXEC, v:1, k:ed@setbuild, mode:FULL, rate:66, size:134
2026-04-23 05:23:32, EXEC, v:1, k:ed@setbuild, mode:FULL, rate:66, size:134
2026-04-23 05:24:00, EXEC, v:1, k:ed@setbuild, mode:FULL, rate:66, size:134
2026-04-23 05:25:30, MOVE, v:1, k:ed@setbuild, mode:EDIT
2026-04-23 05:24:00, MOVE, v:1, k:ed@setbuild, mode:EDIT
2026-04-23 05:23:02, MOVE, v:1, k:ed@vetbuild, mode:EDIT
2026-04-23 05:23:31, MOVE, v:1, k:ed@setbuild, mode:EDIT
2026-04-23 05:23:31, MOVE, v:1, k:ed@setbuild, mode:EDIT
2026-04-23 05:25:53, EXEC, v:1, k:ed@setbuild, mode:FULL, rate:66, size:139
2026-04-23 05:26:31, EXEC, v:1, k:ed@setbuild, mode:FULL, rate:100, size:141
2026-04-23 05:26:35, EXEC, v:1, k:ed@setbuild, mode:FULL, rate:100
2026-04-23 05:26:36, MOVE, v:1, k:ed@setbuild, mode:BACK
2026-04-23 05:26:45, SELF, v:1, k:ed@setbuild, self:1, rate:100, study:70
