2026-03-21 20:56:09, MOVE, v:1, k:ed@baruel, mode:PICK
2026-03-21 20:56:11, EXEC, v:1, k:ed@baruel, mode:FULL, size:35, fail:COMP
2026-03-21 20:56:14, EXEC, v:1, k:ed@baruel, mode:FULL, fail:COMP
2026-03-21 20:56:48, EXEC, v:1, k:ed@baruel, mode:FULL, rate:100, size:63
2026-03-21 20:56:54, MOVE, v:1, k:ed@baruel, mode:BACK
2026-03-21 21:00:33, MOVE, v:1, k:ed@baruel, mode:PICK
2026-03-21 21:00:35, EXEC, v:1, k:ed@baruel, mode:FULL, rate:100
2026-03-21 21:00:37, MOVE, v:1, k:ed@baruel, mode:BACK
2026-03-21 21:00:52, MOVE, v:1, k:ed@baruel, mode:PICK
2026-03-21 21:00:54, EXEC, v:1, k:ed@baruel, mode:FULL, rate:100
2026-03-21 21:00:55, MOVE, v:1, k:ed@baruel, mode:BACK
2026-03-21 21:02:23, SELF, v:1, k:ed@pintando, self:1, rate:100, study:40, concept:1, debug:1
2026-03-21 21:02:26, MOVE, v:1, k:ed@mumia, mode:PICK
2026-03-21 21:02:28, MOVE, v:1, k:ed@mumia, mode:BACK
2026-03-21 21:02:44, SELF, v:1, k:ed@mumia, self:1, rate:100, study:16
2026-03-21 21:02:49, MOVE, v:1, k:ed@fuga, mode:PICK
2026-03-21 21:02:50, MOVE, v:1, k:ed@fuga, mode:BACK
2026-03-21 21:03:38, SELF, v:1, k:ed@fuga, self:1, rate:100, study:66, friend:Sim, concept:1
2026-03-21 21:03:43, MOVE, v:1, k:ed@pintando, mode:PICK
2026-03-21 21:03:45, EXEC, v:1, k:ed@pintando, mode:FULL, rate:100
2026-03-21 21:03:45, MOVE, v:1, k:ed@pintando, mode:BACK
2026-03-21 21:03:47, MOVE, v:1, k:ed@pedra, mode:PICK
2026-03-21 21:03:48, MOVE, v:1, k:ed@pedra, mode:BACK
2026-03-21 21:04:37, SELF, v:1, k:ed@pedra, self:1, rate:100, study:140, refactor:1
2026-03-21 21:04:42, MOVE, v:1, k:ed@casais, mode:PICK
2026-03-21 21:04:43, MOVE, v:1, k:ed@casais, mode:BACK
2026-03-21 21:04:53, SELF, v:1, k:ed@casais, self:1, rate:100, study:26
2026-03-21 21:05:09, SELF, v:1, k:ed@gomos, self:1, rate:100, study:13
2026-03-21 21:05:18, MOVE, v:1, k:ed@casais, mode:PICK
2026-03-21 21:05:18, MOVE, v:1, k:ed@casais, mode:BACK
2026-03-21 21:44:23, MOVE, v:1, k:ed@baruel, mode:PICK
2026-03-21 21:44:26, EXEC, v:1, k:ed@baruel, mode:FULL, rate:0, size:60
2026-03-21 21:45:25, EXEC, v:1, k:ed@baruel, mode:FULL, rate:0, size:62
2026-03-21 21:47:43, EXEC, v:1, k:ed@baruel, mode:FULL, rate:75, size:61
2026-03-21 21:48:43, EXEC, v:1, k:ed@baruel, mode:FULL, rate:75
2026-03-21 21:49:44, EXEC, v:1, k:ed@baruel, mode:FULL, rate:50, size:61
2026-03-21 21:50:38, EXEC, v:1, k:ed@baruel, mode:FULL, rate:25, size:61
2026-03-21 21:51:55, EXEC, v:1, k:ed@baruel, mode:FULL, rate:100, size:61
2026-03-21 21:52:55, EXEC, v:1, k:ed@baruel, mode:FULL, rate:0, size:61
2026-03-21 21:54:57, EXEC, v:1, k:ed@baruel, mode:FULL, rate:100, size:61
2026-03-21 21:54:59, MOVE, v:1, k:ed@baruel, mode:BACK
2026-03-21 21:55:06, MOVE, v:1, k:ed@baruel, mode:PICK
2026-03-21 21:55:07, EXEC, v:1, k:ed@baruel, mode:FULL, rate:100
2026-03-21 21:55:08, MOVE, v:1, k:ed@baruel, mode:BACK
2026-03-21 21:55:40, SELF, v:1, k:ed@baruel, self:1, rate:100, study:200, concept:1, code:1, refactor:1
2026-03-21 21:55:55, SELF, v:1, k:ed@baruel, self:1, rate:100, study:200, concept:1, code:1
2026-03-21 21:55:57, MOVE, v:1, k:ed@baruel, mode:PICK
2026-03-21 21:55:59, MOVE, v:1, k:ed@baruel, mode:BACK
2026-03-21 21:56:05, SELF, v:1, k:ed@baruel, self:1, rate:100, study:200, concept:1
2026-03-21 21:56:15, SELF, v:1, k:ed@baruel, self:1, rate:100, study:200, concept:1, debug:1
