2026-04-07 00:01:18, MOVE, v:1, k:ed@mdc, mode:BACK
2026-04-07 00:01:24, MOVE, v:1, k:ed@triangulo, mode:PICK
2026-04-07 00:01:27, EXEC, v:1, k:ed@triangulo, mode:FULL, rate:0
2026-04-07 00:02:59, EXEC, v:1, k:ed@triangulo, mode:FULL, rate:0, size:22
2026-04-07 00:11:15, EXEC, v:1, k:ed@triangulo, mode:FULL, rate:0, size:31
2026-04-07 00:15:35, EXEC, v:1, k:ed@triangulo, mode:FULL, rate:0, size:36
2026-04-07 00:15:57, EXEC, v:1, k:ed@triangulo, mode:FULL, rate:0, size:40
2026-04-07 00:16:56, EXEC, v:1, k:ed@triangulo, mode:FULL, rate:0, size:40
2026-04-07 00:17:41, EXEC, v:1, k:ed@triangulo, mode:FULL, rate:0, size:41
2026-04-07 00:18:15, EXEC, v:1, k:ed@triangulo, mode:FULL, rate:0, size:40
2026-04-07 00:19:43, EXEC, v:1, k:ed@triangulo, mode:FULL, rate:0, size:41
2026-04-07 00:19:48, EXEC, v:1, k:ed@triangulo, mode:FULL, rate:0
2026-04-07 00:19:50, MOVE, v:1, k:ed@triangulo, mode:BACK
2026-04-07 00:20:08, MOVE, v:1, k:ed@triangulo, mode:PICK
2026-04-07 00:20:09, EXEC, v:1, k:ed@triangulo, mode:FULL, rate:0
2026-04-07 00:21:06, EXEC, v:1, k:ed@triangulo, mode:FULL, rate:0, size:42
2026-04-07 00:22:39, EXEC, v:1, k:ed@triangulo, mode:FULL, rate:0, size:42
2026-04-07 00:22:51, EXEC, v:1, k:ed@triangulo, mode:FULL, rate:0, size:42
2026-04-07 00:23:13, EXEC, v:1, k:ed@triangulo, mode:FULL, rate:0, size:42
2026-04-07 00:25:10, EXEC, v:1, k:ed@triangulo, mode:FULL, rate:100, size:52
2026-04-07 00:25:12, MOVE, v:1, k:ed@triangulo, mode:BACK
2026-04-07 00:25:24, SELF, v:1, k:ed@triangulo, self:1, rate:100, study:35
2026-04-07 00:26:06, MOVE, v:1, k:ed@triangulo, mode:PICK
2026-04-07 00:26:08, EXEC, v:1, k:ed@triangulo, mode:FULL, rate:100, size:52
2026-04-07 00:26:09, MOVE, v:1, k:ed@triangulo, mode:BACK
2026-04-07 00:26:12, MOVE, v:1, k:ed@labirinto, mode:PICK
2026-04-07 00:26:14, EXEC, v:1, k:ed@labirinto, mode:FULL, rate:0, size:68
2026-04-07 00:30:11, EXEC, v:1, k:ed@labirinto, mode:FULL, rate:0
2026-04-07 00:36:18, MOVE, v:1, k:ed@labirinto, mode:BACK
2026-04-07 00:36:27, MOVE, v:1, k:ed@eh_primo, mode:DOWN
2026-04-07 00:36:29, MOVE, v:1, k:ed@eh_primo, mode:PICK
2026-04-07 00:36:32, EXEC, v:1, k:ed@eh_primo, mode:FULL, rate:44, size:20
2026-04-07 00:43:37, EXEC, v:1, k:ed@eh_primo, mode:FULL, rate:55, size:28
2026-04-07 00:47:01, EXEC, v:1, k:ed@eh_primo, mode:FULL, rate:66, size:34
2026-04-07 00:48:00, EXEC, v:1, k:ed@eh_primo, mode:FULL, rate:100, size:35
2026-04-07 00:51:37, MOVE, v:1, k:ed@eh_primo, mode:BACK
2026-04-07 00:52:00, SELF, v:1, k:ed@eh_primo, self:1, rate:100, study:11, refactor:1
